SF:lib\app\features\student\domain\entities\student_documents.dart
DA:44,3
DA:88,0
DA:131,0
DA:132,0
DA:133,0
DA:134,0
DA:135,0
DA:136,0
DA:137,0
DA:139,0
DA:140,0
DA:142,0
DA:143,0
DA:145,0
DA:147,0
DA:149,0
DA:151,0
DA:153,0
DA:154,0
DA:155,0
DA:157,0
DA:159,0
DA:160,0
DA:162,0
DA:163,0
DA:164,0
DA:165,0
DA:166,0
DA:167,0
DA:168,0
DA:170,0
DA:172,0
DA:173,0
DA:174,0
DA:175,0
DA:176,0
DA:177,0
DA:178,0
DA:179,0
DA:180,0
DA:181,0
DA:182,0
DA:183,0
DA:184,0
LF:44
LH:1
end_of_record
SF:lib\app\features\student\domain\usecases\create_documents_and_address.dart
DA:9,1
DA:14,1
DA:16,3
DA:17,1
DA:26,1
LF:5
LH:5
end_of_record
SF:lib\app\core\defaults\usecase.dart
DA:9,0
DA:10,0
LF:2
LH:0
end_of_record
SF:lib\app\features\student\domain\entities\student.dart
DA:2,4
DA:141,3
DA:145,3
DA:146,9
DA:147,9
DA:148,9
DA:149,9
DA:150,9
DA:151,9
DA:152,9
DA:153,9
DA:154,9
DA:155,9
DA:156,9
DA:157,9
DA:158,9
DA:159,9
DA:160,9
DA:161,9
DA:162,9
DA:163,9
DA:164,9
DA:165,9
DA:166,9
DA:167,9
DA:168,9
DA:169,9
DA:170,6
DA:171,3
DA:172,9
DA:173,6
DA:174,3
DA:175,6
DA:176,3
DA:177,6
DA:178,3
DA:179,9
DA:180,6
DA:181,3
DA:182,9
DA:183,6
DA:184,3
DA:185,9
DA:186,9
DA:187,9
DA:188,9
DA:189,9
DA:190,9
DA:191,9
DA:192,9
DA:193,9
DA:194,9
DA:195,9
DA:196,9
DA:197,9
DA:198,9
DA:199,9
DA:200,9
DA:201,9
DA:202,9
DA:203,9
DA:204,9
DA:205,9
DA:206,9
DA:207,9
DA:208,9
DA:209,9
DA:210,9
DA:211,9
DA:212,9
DA:213,9
DA:214,9
DA:215,9
DA:216,9
DA:217,9
DA:218,9
DA:219,9
DA:222,1
DA:224,3
DA:225,3
DA:226,3
DA:227,3
DA:228,3
DA:229,3
DA:230,3
DA:231,3
DA:232,3
DA:233,3
DA:234,3
DA:235,3
DA:236,3
DA:237,3
DA:238,3
DA:239,3
DA:240,3
DA:241,3
DA:242,3
DA:243,3
DA:244,3
DA:245,3
DA:246,3
DA:247,3
DA:248,3
DA:249,3
DA:250,3
DA:251,3
DA:252,3
DA:253,3
DA:254,3
DA:255,3
DA:256,3
DA:257,3
DA:258,3
DA:259,3
DA:260,3
DA:261,3
DA:262,3
DA:263,3
DA:264,3
DA:265,3
DA:266,3
DA:267,3
DA:268,3
DA:269,3
DA:270,3
DA:271,3
DA:272,3
DA:273,3
DA:274,3
DA:275,3
DA:276,3
DA:277,3
DA:278,3
DA:279,3
DA:280,3
DA:281,3
DA:282,3
DA:283,3
DA:284,3
DA:285,3
DA:286,3
DA:287,3
DA:288,3
DA:289,3
DA:290,3
DA:291,2
DA:294,0
DA:364,0
DA:365,0
DA:366,0
DA:367,0
DA:368,0
DA:369,0
DA:370,0
DA:371,0
DA:372,0
DA:373,0
DA:374,0
DA:375,0
DA:376,0
DA:377,0
DA:378,0
DA:379,0
DA:380,0
DA:381,0
DA:382,0
DA:383,0
DA:384,0
DA:385,0
DA:387,0
DA:389,0
DA:391,0
DA:393,0
DA:395,0
DA:397,0
DA:400,0
DA:402,0
DA:403,0
DA:405,0
DA:407,0
DA:410,0
DA:411,0
DA:412,0
DA:414,0
DA:416,0
DA:418,0
DA:419,0
DA:420,0
DA:421,0
DA:422,0
DA:423,0
DA:424,0
DA:426,0
DA:427,0
DA:428,0
DA:429,0
DA:430,0
DA:431,0
DA:432,0
DA:433,0
DA:434,0
DA:435,0
DA:437,0
DA:438,0
DA:439,0
DA:440,0
DA:441,0
DA:442,0
DA:443,0
DA:444,0
DA:445,0
DA:446,0
DA:447,0
DA:448,0
DA:449,0
DA:450,0
LF:216
LH:146
end_of_record
SF:lib\app\features\student\domain\usecases\list_student_usecase.dart
DA:8,1
DA:13,1
DA:16,4
DA:24,1
LF:4
LH:4
end_of_record
SF:lib\app\features\student\domain\usecases\list_cities_usecase.dart
DA:8,1
DA:13,1
DA:16,3
LF:3
LH:3
end_of_record
SF:lib\app\features\classroom\domain\usecases\list_classrooms_usecase.dart
DA:8,0
DA:13,0
DA:15,0
DA:24,1
DA:26,0
DA:27,0
DA:28,0
DA:29,0
LF:8
LH:1
end_of_record
SF:lib\app\features\student\domain\usecases\list_classrooms_usecase.dart
DA:9,1
DA:16,1
DA:19,3
LF:3
LH:3
end_of_record
SF:lib\app\features\classroom\data\model\classroom_create_model.dart
DA:5,0
DA:35,0
DA:67,0
DA:69,0
DA:71,0
DA:72,0
DA:73,0
DA:74,0
DA:75,0
DA:76,0
DA:77,0
DA:78,0
DA:79,0
DA:80,0
DA:81,0
DA:82,0
DA:83,0
DA:84,0
DA:85,0
DA:87,0
DA:95,0
DA:96,0
DA:97,0
DA:98,0
DA:99,0
DA:100,0
DA:101,0
DA:102,0
DA:103,0
DA:104,0
DA:105,0
DA:106,0
DA:107,0
DA:142,0
LF:34
LH:0
end_of_record
SF:lib\app\features\classroom\domain\entities\classroom_create_entity.dart
DA:35,0
DA:67,0
DA:68,0
DA:69,0
DA:70,0
DA:71,0
DA:72,0
DA:73,0
DA:74,0
DA:75,0
DA:76,0
DA:77,0
DA:78,0
DA:79,0
DA:80,0
DA:81,0
DA:82,0
DA:83,0
DA:84,0
DA:85,0
DA:86,0
DA:87,0
DA:88,0
DA:89,0
DA:90,0
DA:91,0
DA:92,0
DA:93,0
DA:94,0
DA:95,0
DA:96,0
DA:97,0
LF:32
LH:0
end_of_record
SF:lib\app\features\classroom\data\model\instructor_teaching_data_create_model.dart
DA:5,0
DA:27,0
DA:50,0
DA:51,0
DA:52,0
DA:53,0
DA:54,0
DA:55,0
DA:56,0
DA:57,0
DA:58,0
DA:59,0
DA:60,0
DA:61,0
DA:62,0
DA:63,0
DA:64,0
DA:65,0
DA:66,0
DA:67,0
DA:68,0
DA:69,0
DA:70,0
DA:71,0
LF:24
LH:0
end_of_record
SF:lib\app\features\classroom\domain\entities\instructor_teaching_data_create_entity.dart
DA:25,0
DA:48,0
DA:49,0
DA:50,0
DA:51,0
DA:52,0
DA:53,0
DA:54,0
DA:55,0
DA:56,0
DA:57,0
DA:58,0
DA:59,0
DA:60,0
DA:61,0
DA:62,0
DA:63,0
DA:64,0
DA:65,0
DA:66,0
DA:67,0
DA:68,0
DA:69,0
DA:70,0
LF:24
LH:0
end_of_record
SF:lib\app\features\classroom\data\model\instructor_teaching_data_update_model.dart
DA:5,0
DA:23,0
DA:43,0
DA:44,0
DA:45,0
DA:46,0
DA:47,0
DA:48,0
DA:49,0
DA:50,0
DA:51,0
DA:52,0
DA:53,0
DA:54,0
DA:55,0
DA:56,0
DA:57,0
DA:58,0
DA:59,0
DA:60,0
LF:20
LH:0
end_of_record
SF:lib\app\features\classroom\domain\entities\update_instructor_teaching_data_entity.dart
DA:21,0
DA:41,0
DA:42,0
DA:43,0
DA:44,0
DA:45,0
DA:46,0
DA:47,0
DA:48,0
DA:49,0
DA:50,0
DA:51,0
DA:52,0
DA:53,0
DA:54,0
DA:55,0
DA:56,0
DA:57,0
DA:58,0
DA:59,0
LF:20
LH:0
end_of_record
SF:lib\app\features\classroom\domain\entities\classroom_entity.dart
DA:2,0
LF:1
LH:0
end_of_record
SF:lib\app\features\classroom\domain\entities\edcenso_disciplines_entity.dart
DA:4,0
LF:1
LH:0
end_of_record
SF:lib\app\features\classroom\domain\entities\instructors_entity.dart
DA:6,0
LF:1
LH:0
end_of_record
SF:lib\app\features\classroom\domain\entities\instructors_teaching_data_entity.dart
DA:7,0
LF:1
LH:0
end_of_record
SF:lib\app\features\classroom\domain\usecases\list_instructors_teaching_data_usecase.dart
DA:12,0
DA:15,0
DA:17,0
DA:25,0
DA:27,0
DA:29,0
DA:31,0
DA:32,0
DA:33,0
DA:34,0
LF:10
LH:0
end_of_record
SF:lib\app\features\student\domain\entities\classroom.dart
DA:4,0
LF:1
LH:0
end_of_record
SF:lib\app\features\student\domain\usecases\load_student_docs_usecase.dart
DA:9,1
DA:14,1
DA:17,3
DA:18,1
DA:29,1
LF:5
LH:5
end_of_record
SF:lib\app\features\student\domain\entities\enrollment.dart
DA:49,3
DA:98,0
DA:146,0
DA:147,0
DA:148,0
DA:149,0
DA:150,0
DA:151,0
DA:152,0
DA:153,0
DA:154,0
DA:155,0
DA:156,0
DA:158,0
DA:160,0
DA:161,0
DA:163,0
DA:164,0
DA:166,0
DA:168,0
DA:169,0
DA:170,0
DA:171,0
DA:172,0
DA:174,0
DA:175,0
DA:176,0
DA:177,0
DA:179,0
DA:180,0
DA:181,0
DA:182,0
DA:183,0
DA:185,0
DA:187,0
DA:189,0
DA:191,0
DA:193,0
DA:195,0
DA:197,0
DA:198,0
DA:199,0
DA:200,0
DA:202,0
DA:204,0
DA:205,0
DA:206,0
DA:207,0
DA:208,0
LF:49
LH:1
end_of_record
SF:lib\app\features\student\domain\usecases\load_student_enrollment_usecase.dart
DA:8,1
DA:13,1
DA:16,3
DA:17,1
DA:27,1
LF:5
LH:5
end_of_record
SF:lib\app\features\student\domain\usecases\create_student_enrollment_usecase.dart
DA:8,1
DA:13,1
DA:16,4
DA:24,1
LF:4
LH:4
end_of_record
SF:lib\app\features\student\domain\usecases\load_student_usecase.dart
DA:7,1
DA:12,1
DA:13,4
DA:14,1
DA:23,1
LF:5
LH:5
end_of_record
SF:lib\app\api\auth\post_auth_login.dart
DA:5,0
DA:10,0
DA:13,0
DA:14,0
DA:15,0
DA:16,0
DA:19,0
DA:20,0
DA:24,0
DA:27,0
LF:10
LH:0
end_of_record
SF:lib\app\core\network\manager\http_method.dart
DA:1,8
DA:4,0
LF:2
LH:1
end_of_record
SF:lib\app\api\classroom\delete_classroom_endpoint.dart
DA:5,0
DA:11,0
DA:12,0
DA:14,0
DA:17,0
DA:20,0
DA:23,0
LF:7
LH:0
end_of_record
SF:lib\app\api\classroom\get_classroom_endpoint.dart
DA:7,0
DA:9,0
DA:12,0
DA:15,0
DA:18,0
DA:21,0
DA:22,0
LF:7
LH:0
end_of_record
SF:lib\app\api\classroom\get_edcenso_disciplines_endpoint.dart
DA:5,0
DA:8,0
DA:11,0
DA:14,0
DA:17,0
LF:5
LH:0
end_of_record
SF:lib\app\api\classroom\post_classroom_endpoint.dart
DA:6,0
DA:12,0
DA:15,0
DA:16,0
DA:18,0
DA:21,0
DA:24,0
LF:7
LH:0
end_of_record
SF:lib\app\api\classroom\put_classroom_endpoint.dart
DA:6,0
DA:15,0
DA:16,0
DA:18,0
DA:19,0
DA:21,0
DA:24,0
DA:27,0
LF:8
LH:0
end_of_record
SF:lib\app\api\edcenso_city\get_edcenso_city_endpoint.dart
DA:5,0
DA:11,0
DA:12,0
DA:14,0
DA:17,0
DA:20,0
DA:23,0
LF:7
LH:0
end_of_record
SF:lib\app\api\edcenso_city\get_edcenso_uf_endpoint.dart
DA:5,0
DA:11,0
DA:12,0
DA:14,0
DA:17,0
DA:20,0
DA:23,0
LF:7
LH:0
end_of_record
SF:lib\app\api\food_inventory\get_food_inventory_endpoint.dart
DA:5,0
DA:8,0
DA:11,0
DA:14,0
DA:17,0
LF:5
LH:0
end_of_record
SF:lib\app\api\food_menu\get_food_menu_endpoint.dart
DA:5,0
DA:8,0
DA:11,0
DA:14,0
DA:17,0
LF:5
LH:0
end_of_record
SF:lib\app\api\instructor\create_instructor_teaching_data_endpoint.dart
DA:7,0
DA:9,0
DA:12,0
DA:13,0
DA:15,0
DA:18,0
DA:21,0
LF:7
LH:0
end_of_record
SF:lib\app\api\instructor\get_instructor_endpoint.dart
DA:5,0
DA:11,0
DA:12,0
DA:14,0
DA:17,0
DA:20,0
DA:23,0
DA:24,0
LF:8
LH:0
end_of_record
SF:lib\app\api\instructor\get_instructors_endpoint.dart
DA:5,0
DA:7,0
DA:10,0
DA:13,0
DA:16,0
DA:19,0
LF:6
LH:0
end_of_record
SF:lib\app\api\instructor\get_instructors_teaching_data_endpoint.dart
DA:7,0
DA:9,0
DA:12,0
DA:15,0
DA:18,0
DA:21,0
DA:22,0
LF:7
LH:0
end_of_record
SF:lib\app\api\instructor\post_instructor_endpoint.dart
DA:6,0
DA:12,0
DA:15,0
DA:16,0
DA:18,0
DA:21,0
DA:24,0
LF:7
LH:0
end_of_record
SF:lib\app\features\teacher\data\models\instructor_model.dart
DA:6,0
DA:85,0
DA:178,0
DA:258,0
DA:343,0
DA:344,0
DA:345,0
DA:346,0
DA:347,0
DA:348,0
DA:349,0
DA:350,0
DA:351,0
DA:352,0
DA:353,0
DA:354,0
DA:355,0
DA:357,0
DA:358,0
DA:359,0
DA:360,0
DA:361,0
DA:362,0
DA:363,0
DA:365,0
DA:366,0
DA:368,0
DA:370,0
DA:371,0
DA:372,0
DA:373,0
DA:374,0
DA:375,0
DA:376,0
DA:377,0
DA:378,0
DA:379,0
DA:380,0
DA:381,0
DA:382,0
DA:383,0
DA:384,0
DA:385,0
DA:386,0
DA:387,0
DA:388,0
DA:389,0
DA:390,0
DA:391,0
DA:392,0
DA:393,0
DA:394,0
DA:395,0
DA:396,0
DA:397,0
DA:399,0
DA:401,0
DA:402,0
DA:403,0
DA:404,0
DA:405,0
DA:406,0
DA:407,0
DA:408,0
DA:409,0
DA:410,0
DA:411,0
DA:412,0
DA:413,0
DA:414,0
DA:415,0
DA:416,0
DA:417,0
DA:418,0
DA:419,0
DA:420,0
DA:421,0
DA:422,0
DA:423,0
DA:424,0
DA:425,0
DA:426,0
DA:427,0
DA:428,0
DA:432,0
DA:433,0
DA:434,0
DA:435,0
DA:436,0
DA:437,0
DA:438,0
DA:439,0
DA:440,0
DA:441,0
DA:442,0
DA:443,0
DA:444,0
DA:446,0
DA:447,0
DA:449,0
DA:451,0
DA:452,0
DA:453,0
DA:454,0
DA:456,0
DA:457,0
DA:459,0
DA:461,0
DA:462,0
DA:463,0
DA:464,0
DA:465,0
DA:466,0
DA:467,0
DA:469,0
DA:470,0
DA:471,0
DA:472,0
DA:473,0
DA:474,0
DA:476,0
DA:477,0
DA:478,0
DA:479,0
DA:480,0
DA:481,0
DA:483,0
DA:484,0
DA:485,0
DA:486,0
DA:487,0
DA:488,0
DA:489,0
DA:490,0
DA:491,0
DA:493,0
DA:495,0
DA:497,0
DA:498,0
DA:500,0
DA:501,0
DA:502,0
DA:503,0
DA:504,0
DA:505,0
DA:506,0
DA:507,0
DA:508,0
DA:509,0
DA:510,0
DA:511,0
DA:512,0
DA:513,0
DA:514,0
DA:515,0
DA:516,0
DA:517,0
DA:518,0
DA:519,0
DA:520,0
DA:521,0
DA:522,0
DA:523,0
DA:524,0
DA:528,0
DA:530,0
DA:531,0
DA:533,0
DA:534,0
DA:535,0
DA:536,0
DA:537,0
DA:538,0
DA:539,0
DA:540,0
DA:541,0
DA:542,0
DA:543,0
DA:544,0
DA:545,0
DA:547,0
DA:548,0
DA:549,0
DA:550,0
DA:551,0
DA:552,0
DA:553,0
DA:555,0
DA:556,0
DA:558,0
DA:560,0
DA:561,0
DA:562,0
DA:563,0
DA:564,0
DA:565,0
DA:566,0
DA:567,0
DA:568,0
DA:569,0
DA:570,0
DA:571,0
DA:572,0
DA:573,0
DA:574,0
DA:575,0
DA:576,0
DA:577,0
DA:578,0
DA:579,0
DA:580,0
DA:581,0
DA:582,0
DA:583,0
DA:584,0
DA:585,0
DA:586,0
DA:587,0
DA:589,0
DA:591,0
DA:592,0
DA:593,0
DA:594,0
DA:595,0
DA:596,0
DA:597,0
DA:598,0
DA:599,0
DA:600,0
DA:601,0
DA:602,0
DA:603,0
DA:604,0
DA:605,0
DA:606,0
DA:607,0
DA:608,0
DA:609,0
DA:610,0
DA:611,0
DA:612,0
DA:613,0
DA:614,0
DA:615,0
DA:616,0
DA:617,0
DA:618,0
DA:622,0
DA:624,0
DA:627,0
DA:629,0
DA:630,0
DA:631,0
DA:632,0
DA:633,0
DA:634,0
DA:635,0
DA:636,0
DA:637,0
DA:638,0
DA:639,0
DA:640,0
DA:641,0
DA:642,0
DA:643,0
DA:644,0
DA:645,0
DA:646,0
DA:647,0
DA:648,0
DA:649,0
DA:650,0
DA:651,0
DA:652,0
DA:653,0
DA:654,0
DA:655,0
DA:656,0
DA:657,0
DA:658,0
DA:659,0
DA:660,0
DA:661,0
DA:662,0
DA:663,0
DA:664,0
DA:665,0
DA:666,0
DA:667,0
DA:668,0
DA:669,0
DA:670,0
DA:671,0
DA:672,0
DA:673,0
DA:674,0
DA:675,0
DA:676,0
DA:677,0
DA:678,0
DA:679,0
DA:680,0
DA:681,0
DA:682,0
DA:683,0
DA:684,0
DA:685,0
DA:686,0
DA:687,0
DA:688,0
DA:689,0
DA:690,0
DA:691,0
DA:692,0
DA:693,0
DA:694,0
DA:695,0
DA:696,0
DA:697,0
DA:698,0
DA:699,0
DA:700,0
DA:701,0
DA:702,0
DA:703,0
DA:704,0
DA:705,0
DA:706,0
DA:709,0
DA:713,0
DA:714,0
DA:715,0
DA:716,0
DA:717,0
DA:718,0
DA:719,0
DA:720,0
DA:721,0
DA:722,0
DA:723,0
DA:724,0
DA:725,0
DA:726,0
DA:727,0
DA:728,0
DA:729,0
DA:730,0
DA:731,0
DA:732,0
DA:733,0
DA:734,0
DA:735,0
DA:736,0
DA:737,0
DA:738,0
DA:739,0
DA:740,0
DA:741,0
DA:742,0
DA:743,0
DA:744,0
DA:745,0
DA:746,0
DA:747,0
DA:748,0
DA:749,0
DA:750,0
DA:751,0
DA:752,0
DA:753,0
DA:754,0
DA:755,0
DA:756,0
DA:757,0
DA:758,0
DA:759,0
DA:760,0
DA:761,0
DA:762,0
DA:763,0
DA:764,0
DA:765,0
DA:766,0
DA:767,0
DA:768,0
DA:769,0
DA:770,0
DA:771,0
DA:772,0
DA:773,0
DA:774,0
DA:775,0
DA:776,0
DA:777,0
DA:778,0
DA:779,0
DA:780,0
DA:781,0
DA:782,0
DA:783,0
DA:784,0
DA:785,0
DA:786,0
DA:787,0
DA:788,0
DA:789,0
DA:790,0
DA:791,0
DA:792,0
DA:793,0
DA:794,0
DA:795,0
DA:796,0
DA:797,0
DA:798,0
DA:799,0
DA:800,0
DA:801,0
DA:802,0
DA:803,0
DA:804,0
LF:421
LH:0
end_of_record
SF:lib\app\api\instructor\put_instructor_endpoint.dart
DA:6,0
DA:14,0
DA:15,0
DA:17,0
DA:18,0
DA:20,0
DA:23,0
DA:26,0
LF:8
LH:0
end_of_record
SF:lib\app\api\instructor\put_instructor_teaching_data_endpoint.dart
DA:8,0
DA:10,0
DA:11,0
DA:13,0
DA:14,0
DA:16,0
DA:19,0
DA:22,0
LF:8
LH:0
end_of_record
SF:lib\app\api\school\dto\school_update.dto.dart
DA:2,0
LF:1
LH:0
end_of_record
SF:lib\app\api\school\get_school_endpoint.dart
DA:7,0
DA:9,0
DA:10,0
DA:12,0
DA:15,0
DA:16,0
DA:20,0
DA:23,0
LF:8
LH:0
end_of_record
SF:lib\app\api\school\get_schools_endpoint.dart
DA:5,0
DA:8,0
DA:11,0
DA:14,0
DA:17,0
LF:5
LH:0
end_of_record
SF:lib\app\api\school\post_school_endpoint.dart
DA:5,0
DA:9,0
DA:12,0
DA:13,0
DA:14,0
DA:15,0
DA:16,0
DA:17,0
DA:18,0
DA:19,0
DA:20,0
DA:21,0
DA:22,0
DA:23,0
DA:24,0
DA:25,0
DA:26,0
DA:27,0
DA:28,0
DA:29,0
DA:30,0
DA:31,0
DA:32,0
DA:33,0
DA:34,0
DA:35,0
DA:36,0
DA:37,0
DA:38,0
DA:39,0
DA:40,0
DA:41,0
DA:43,0
DA:44,0
DA:45,0
DA:46,0
DA:47,0
DA:48,0
DA:49,0
DA:50,0
DA:51,0
DA:52,0
DA:54,0
DA:56,0
DA:57,0
DA:59,0
DA:60,0
DA:62,0
DA:63,0
DA:64,0
DA:65,0
DA:66,0
DA:67,0
DA:68,0
DA:69,0
DA:70,0
DA:71,0
DA:72,0
DA:73,0
DA:74,0
DA:75,0
DA:76,0
DA:79,0
DA:82,0
DA:85,0
DA:90,0
DA:215,0
LF:67
LH:0
end_of_record
SF:lib\app\api\school\put_school_endpoint.dart
DA:7,0
DA:15,0
DA:16,0
DA:18,0
DA:21,0
DA:22,0
DA:26,0
DA:27,0
DA:28,0
LF:9
LH:0
end_of_record
SF:lib\app\features\school\domain\entities\school.dart
DA:62,0
DA:123,0
DA:183,0
DA:184,0
DA:185,0
DA:186,0
DA:187,0
DA:188,0
DA:189,0
DA:191,0
DA:192,0
DA:193,0
DA:194,0
DA:195,0
DA:196,0
DA:197,0
DA:198,0
DA:199,0
DA:200,0
DA:201,0
DA:202,0
DA:203,0
DA:204,0
DA:205,0
DA:206,0
DA:207,0
DA:208,0
DA:209,0
DA:210,0
DA:211,0
DA:212,0
DA:214,0
DA:216,0
DA:217,0
DA:218,0
DA:219,0
DA:220,0
DA:221,0
DA:222,0
DA:224,0
DA:225,0
DA:227,0
DA:230,0
DA:232,0
DA:234,0
DA:235,0
DA:238,0
DA:240,0
DA:241,0
DA:242,0
DA:243,0
DA:245,0
DA:246,0
DA:248,0
DA:249,0
DA:250,0
DA:251,0
DA:252,0
DA:253,0
DA:254,0
DA:255,0
DA:259,0
DA:260,0
DA:261,0
DA:262,0
DA:263,0
DA:264,0
DA:265,0
DA:266,0
DA:267,0
DA:268,0
DA:269,0
DA:270,0
DA:271,0
DA:272,0
DA:273,0
DA:274,0
DA:275,0
DA:276,0
DA:277,0
DA:278,0
DA:279,0
DA:280,0
DA:281,0
DA:282,0
DA:283,0
DA:284,0
DA:285,0
DA:286,0
DA:287,0
DA:288,0
DA:289,0
DA:290,0
DA:291,0
DA:292,0
DA:293,0
DA:294,0
DA:295,0
DA:296,0
DA:297,0
DA:298,0
DA:300,0
DA:302,0
DA:303,0
DA:305,0
DA:306,0
DA:308,0
DA:309,0
DA:310,0
DA:311,0
DA:312,0
DA:313,0
DA:314,0
DA:315,0
DA:316,0
DA:317,0
DA:318,0
DA:319,0
DA:320,0
DA:321,0
DA:322,0
DA:326,0
DA:327,0
DA:328,0
DA:329,0
DA:330,0
DA:331,0
DA:332,0
DA:333,0
DA:334,0
DA:335,0
DA:336,0
DA:337,0
DA:338,0
DA:339,0
DA:340,0
DA:341,0
DA:342,0
DA:343,0
DA:344,0
DA:345,0
DA:346,0
DA:347,0
DA:348,0
DA:349,0
DA:350,0
DA:351,0
DA:352,0
DA:353,0
DA:354,0
DA:355,0
DA:357,0
DA:358,0
DA:359,0
DA:361,0
DA:362,0
DA:363,0
DA:364,0
DA:365,0
DA:366,0
DA:367,0
DA:368,0
DA:370,0
DA:372,0
DA:373,0
DA:375,0
DA:376,0
DA:378,0
DA:379,0
DA:380,0
DA:381,0
DA:382,0
DA:383,0
DA:384,0
DA:385,0
DA:386,0
DA:387,0
DA:388,0
DA:389,0
DA:390,0
DA:391,0
DA:392,0
DA:396,0
DA:398,0
DA:399,0
DA:401,0
DA:404,0
DA:407,0
DA:411,0
DA:412,0
DA:413,0
DA:414,0
DA:415,0
DA:416,0
DA:417,0
DA:418,0
DA:419,0
DA:420,0
DA:421,0
DA:422,0
DA:423,0
DA:424,0
DA:425,0
DA:426,0
DA:427,0
DA:428,0
DA:429,0
DA:430,0
DA:431,0
DA:432,0
DA:433,0
DA:434,0
DA:435,0
DA:436,0
DA:437,0
DA:438,0
DA:439,0
DA:440,0
DA:441,0
DA:442,0
DA:443,0
DA:444,0
DA:445,0
DA:446,0
DA:447,0
DA:448,0
DA:449,0
DA:450,0
DA:451,0
DA:452,0
DA:453,0
DA:454,0
DA:455,0
DA:456,0
DA:457,0
DA:458,0
DA:459,0
DA:460,0
DA:461,0
DA:462,0
DA:463,0
DA:464,0
DA:465,0
DA:466,0
DA:467,0
DA:468,0
DA:469,0
DA:470,0
DA:471,0
DA:472,0
DA:473,0
DA:474,0
DA:477,0
DA:479,0
DA:480,0
DA:481,0
DA:482,0
DA:483,0
DA:484,0
DA:485,0
DA:486,0
DA:487,0
DA:488,0
DA:489,0
DA:490,0
DA:491,0
DA:492,0
DA:493,0
DA:494,0
DA:495,0
DA:496,0
DA:497,0
DA:498,0
DA:499,0
DA:500,0
DA:501,0
DA:502,0
DA:503,0
DA:504,0
DA:505,0
DA:506,0
DA:507,0
DA:508,0
DA:509,0
DA:510,0
DA:511,0
DA:512,0
DA:513,0
DA:514,0
DA:515,0
DA:516,0
DA:517,0
DA:518,0
DA:519,0
DA:520,0
DA:521,0
DA:522,0
DA:523,0
DA:524,0
DA:525,0
DA:526,0
DA:527,0
DA:528,0
DA:529,0
DA:530,0
DA:531,0
DA:532,0
DA:533,0
DA:534,0
DA:535,0
DA:536,0
DA:539,0
DA:540,0
DA:545,0
DA:548,0
DA:549,0
DA:570,0
DA:571,0
DA:572,0
DA:577,0
DA:578,0
DA:587,0
DA:588,0
DA:592,0
LF:324
LH:0
end_of_record
SF:lib\app\api\student_docs\get_student_docs_endpoint.dart
DA:5,0
DA:13,0
DA:14,0
DA:16,0
DA:19,0
DA:22,0
DA:25,0
DA:26,0
DA:27,0
DA:28,0
DA:29,0
LF:11
LH:0
end_of_record
SF:lib\app\api\student_docs\post_student_docs_endpoint.dart
DA:6,0
DA:12,0
DA:15,0
DA:16,0
DA:18,0
DA:21,0
DA:24,0
LF:7
LH:0
end_of_record
SF:lib\app\features\student\data\models\student_docs_model.dart
DA:6,0
DA:48,0
DA:92,0
DA:136,0
DA:137,0
DA:138,0
DA:139,0
DA:140,0
DA:141,0
DA:142,0
DA:144,0
DA:145,0
DA:147,0
DA:148,0
DA:150,0
DA:152,0
DA:154,0
DA:156,0
DA:158,0
DA:159,0
DA:160,0
DA:162,0
DA:164,0
DA:165,0
DA:167,0
DA:168,0
DA:169,0
DA:170,0
DA:171,0
DA:172,0
DA:173,0
DA:174,0
DA:175,0
DA:176,0
DA:177,0
DA:178,0
DA:179,0
DA:180,0
DA:181,0
DA:182,0
DA:184,0
DA:186,0
DA:187,0
DA:188,0
DA:189,0
DA:193,0
DA:195,0
DA:196,0
DA:197,0
DA:198,0
DA:199,0
DA:200,0
DA:201,0
DA:203,0
DA:204,0
DA:205,0
DA:206,0
DA:207,0
DA:209,0
DA:210,0
DA:211,0
DA:212,0
DA:213,0
DA:214,0
DA:215,0
DA:217,0
DA:218,0
DA:219,0
DA:220,0
DA:221,0
DA:222,0
DA:223,0
DA:224,0
DA:225,0
DA:226,0
DA:227,0
DA:228,0
DA:229,0
DA:230,0
DA:231,0
DA:232,0
DA:233,0
DA:234,0
DA:235,0
DA:236,0
DA:237,0
DA:238,0
DA:239,0
DA:243,0
DA:244,0
DA:245,0
DA:246,0
DA:247,0
DA:248,0
DA:249,0
DA:250,0
DA:251,0
DA:252,0
DA:253,0
DA:254,0
DA:255,0
DA:256,0
DA:257,0
DA:258,0
DA:259,0
DA:260,0
DA:261,0
DA:262,0
DA:263,0
DA:264,0
DA:265,0
DA:266,0
DA:267,0
DA:268,0
DA:269,0
DA:270,0
DA:271,0
DA:272,0
DA:273,0
DA:274,0
DA:275,0
DA:276,0
DA:277,0
DA:278,0
DA:279,0
DA:280,0
DA:281,0
DA:282,0
DA:283,0
DA:284,0
DA:285,0
DA:289,0
DA:290,0
DA:291,0
DA:292,0
DA:293,0
DA:294,0
DA:295,0
DA:296,0
DA:298,0
DA:299,0
DA:300,0
DA:301,0
DA:302,0
DA:303,0
DA:304,0
DA:305,0
DA:306,0
DA:307,0
DA:308,0
DA:309,0
DA:310,0
DA:311,0
DA:312,0
DA:313,0
DA:314,0
DA:315,0
DA:316,0
DA:317,0
DA:318,0
DA:319,0
DA:320,0
DA:321,0
DA:322,0
DA:323,0
DA:324,0
DA:325,0
DA:326,0
DA:327,0
DA:328,0
DA:329,0
DA:330,0
DA:331,0
DA:332,0
DA:336,0
DA:338,0
DA:339,0
DA:341,0
DA:343,0
DA:346,0
DA:350,0
DA:351,0
DA:352,0
DA:353,0
DA:354,0
DA:355,0
DA:356,0
DA:357,0
DA:358,0
DA:359,0
DA:360,0
DA:361,0
DA:362,0
DA:363,0
DA:364,0
DA:365,0
DA:366,0
DA:367,0
DA:368,0
DA:369,0
DA:370,0
DA:371,0
DA:372,0
DA:373,0
DA:374,0
DA:375,0
DA:376,0
DA:377,0
DA:378,0
DA:379,0
DA:380,0
DA:381,0
DA:382,0
DA:383,0
DA:384,0
DA:385,0
DA:386,0
DA:387,0
DA:388,0
DA:389,0
DA:390,0
DA:391,0
DA:392,0
DA:395,0
DA:397,0
DA:398,0
DA:399,0
DA:400,0
DA:401,0
DA:402,0
DA:403,0
DA:404,0
DA:405,0
DA:406,0
DA:407,0
DA:408,0
DA:409,0
DA:410,0
DA:411,0
DA:412,0
DA:413,0
DA:414,0
DA:415,0
DA:416,0
DA:417,0
DA:418,0
DA:419,0
DA:420,0
DA:421,0
DA:422,0
DA:423,0
DA:424,0
DA:425,0
DA:426,0
DA:427,0
DA:428,0
DA:429,0
DA:430,0
DA:431,0
DA:432,0
DA:433,0
DA:434,0
DA:435,0
DA:436,0
DA:437,0
LF:265
LH:0
end_of_record
SF:lib\app\api\student_docs\put_student_docs_endpoint.dart
DA:6,0
DA:14,0
DA:15,0
DA:17,0
DA:18,0
DA:20,0
DA:23,0
DA:26,0
LF:8
LH:0
end_of_record
SF:lib\app\api\student_enrollment\get_student_enrollment_endpoint.dart
DA:5,0
DA:13,0
DA:15,0
DA:17,0
DA:20,0
DA:23,0
DA:26,0
DA:27,0
DA:28,0
DA:29,0
DA:30,0
LF:11
LH:0
end_of_record
SF:lib\app\api\student_enrollment\post_student_enrollment_endpoint.dart
DA:6,0
DA:12,0
DA:15,0
DA:16,0
DA:18,0
DA:21,0
DA:24,0
LF:7
LH:0
end_of_record
SF:lib\app\features\student\data\models\student_enrollment_model.dart
DA:6,0
DA:53,0
DA:102,0
DA:103,0
DA:104,0
DA:105,0
DA:106,0
DA:107,0
DA:108,0
DA:109,0
DA:110,0
DA:111,0
DA:112,0
DA:113,0
DA:114,0
DA:115,0
DA:116,0
DA:117,0
DA:118,0
DA:119,0
DA:120,0
DA:121,0
DA:122,0
DA:123,0
DA:124,0
DA:125,0
DA:126,0
DA:127,0
DA:128,0
DA:129,0
DA:130,0
DA:131,0
DA:132,0
DA:133,0
DA:134,0
DA:135,0
DA:136,0
DA:137,0
DA:138,0
DA:139,0
DA:140,0
DA:141,0
DA:142,0
DA:143,0
DA:144,0
DA:145,0
DA:146,0
DA:147,0
DA:148,0
DA:149,0
DA:153,0
DA:154,0
DA:155,0
DA:156,0
DA:157,0
DA:158,0
DA:159,0
DA:160,0
DA:161,0
DA:162,0
DA:163,0
DA:164,0
DA:165,0
DA:166,0
DA:167,0
DA:168,0
DA:169,0
DA:170,0
DA:171,0
DA:172,0
DA:173,0
DA:174,0
DA:175,0
DA:176,0
DA:177,0
DA:178,0
DA:179,0
DA:180,0
DA:181,0
DA:182,0
DA:183,0
DA:184,0
DA:185,0
DA:186,0
DA:187,0
DA:188,0
DA:189,0
DA:190,0
DA:191,0
DA:192,0
DA:193,0
DA:194,0
DA:195,0
DA:196,0
DA:197,0
DA:198,0
DA:199,0
DA:200,0
DA:204,0
DA:205,0
DA:206,0
DA:207,0
DA:208,0
DA:209,0
DA:210,0
DA:211,0
DA:212,0
DA:213,0
DA:214,0
DA:215,0
DA:216,0
DA:217,0
DA:218,0
DA:219,0
DA:220,0
DA:221,0
DA:222,0
DA:223,0
DA:224,0
DA:225,0
DA:226,0
DA:227,0
DA:228,0
DA:229,0
DA:230,0
DA:231,0
DA:232,0
DA:233,0
DA:234,0
DA:235,0
DA:236,0
DA:237,0
DA:238,0
DA:239,0
DA:240,0
DA:241,0
DA:242,0
DA:243,0
DA:244,0
DA:245,0
DA:246,0
DA:247,0
DA:248,0
DA:249,0
DA:250,0
DA:251,0
DA:255,0
DA:257,0
DA:258,0
DA:260,0
DA:262,0
DA:265,0
DA:269,0
DA:270,0
DA:271,0
DA:272,0
DA:273,0
DA:274,0
DA:275,0
DA:276,0
DA:277,0
DA:278,0
DA:279,0
DA:280,0
DA:281,0
DA:282,0
DA:283,0
DA:284,0
DA:285,0
DA:286,0
DA:287,0
DA:288,0
DA:289,0
DA:290,0
DA:291,0
DA:292,0
DA:293,0
DA:294,0
DA:295,0
DA:296,0
DA:297,0
DA:298,0
DA:299,0
DA:300,0
DA:301,0
DA:302,0
DA:303,0
DA:304,0
DA:305,0
DA:306,0
DA:307,0
DA:308,0
DA:309,0
DA:310,0
DA:311,0
DA:312,0
DA:313,0
DA:314,0
DA:315,0
DA:316,0
DA:319,0
DA:321,0
DA:322,0
DA:323,0
DA:324,0
DA:325,0
DA:326,0
DA:327,0
DA:328,0
DA:329,0
DA:330,0
DA:331,0
DA:332,0
DA:333,0
DA:334,0
DA:335,0
DA:336,0
DA:337,0
DA:338,0
DA:339,0
DA:340,0
DA:341,0
DA:342,0
DA:343,0
DA:344,0
DA:345,0
DA:346,0
DA:347,0
DA:348,0
DA:349,0
DA:350,0
DA:351,0
DA:352,0
DA:353,0
DA:354,0
DA:355,0
DA:356,0
DA:357,0
DA:358,0
DA:359,0
DA:360,0
DA:361,0
DA:362,0
DA:363,0
DA:364,0
DA:365,0
DA:366,0
LF:247
LH:0
end_of_record
SF:lib\app\api\student_enrollment\put_student_enrollment_endpoint.dart
DA:6,0
DA:14,0
DA:15,0
DA:17,0
DA:18,0
DA:20,0
DA:23,0
DA:26,0
LF:8
LH:0
end_of_record
SF:lib\app\api\students\delete_students_endpoint.dart
DA:5,0
DA:11,0
DA:12,0
DA:14,0
DA:17,0
DA:20,0
DA:23,0
LF:7
LH:0
end_of_record
SF:lib\app\api\students\get_students_endpoint.dart
DA:5,0
DA:10,0
DA:11,0
DA:13,0
DA:16,0
DA:19,0
DA:22,0
DA:23,0
DA:24,0
LF:9
LH:0
end_of_record
SF:lib\app\api\students\post_students_endpoint.dart
DA:6,0
DA:12,0
DA:15,0
DA:16,0
DA:18,0
DA:21,0
DA:24,0
LF:7
LH:0
end_of_record
SF:lib\app\features\student\data\models\student_model.dart
DA:6,0
DA:73,0
DA:145,0
DA:146,0
DA:147,0
DA:148,0
DA:149,0
DA:150,0
DA:151,0
DA:152,0
DA:153,0
DA:154,0
DA:155,0
DA:156,0
DA:157,0
DA:158,0
DA:159,0
DA:160,0
DA:161,0
DA:162,0
DA:163,0
DA:164,0
DA:165,0
DA:166,0
DA:167,0
DA:168,0
DA:169,0
DA:170,0
DA:172,0
DA:174,0
DA:176,0
DA:177,0
DA:178,0
DA:179,0
DA:181,0
DA:182,0
DA:183,0
DA:184,0
DA:185,0
DA:186,0
DA:187,0
DA:188,0
DA:189,0
DA:190,0
DA:191,0
DA:192,0
DA:193,0
DA:194,0
DA:195,0
DA:196,0
DA:197,0
DA:198,0
DA:199,0
DA:200,0
DA:201,0
DA:202,0
DA:203,0
DA:204,0
DA:205,0
DA:206,0
DA:207,0
DA:208,0
DA:209,0
DA:210,0
DA:211,0
DA:212,0
DA:213,0
DA:214,0
DA:215,0
DA:216,0
DA:220,0
DA:221,0
DA:222,0
DA:223,0
DA:224,0
DA:225,0
DA:226,0
DA:227,0
DA:228,0
DA:229,0
DA:230,0
DA:231,0
DA:232,0
DA:233,0
DA:234,0
DA:235,0
DA:236,0
DA:237,0
DA:238,0
DA:239,0
DA:240,0
DA:241,0
DA:242,0
DA:243,0
DA:244,0
DA:245,0
DA:246,0
DA:248,0
DA:250,0
DA:251,0
DA:252,0
DA:253,0
DA:255,0
DA:256,0
DA:257,0
DA:258,0
DA:259,0
DA:260,0
DA:261,0
DA:262,0
DA:263,0
DA:264,0
DA:265,0
DA:266,0
DA:267,0
DA:268,0
DA:269,0
DA:270,0
DA:271,0
DA:272,0
DA:273,0
DA:274,0
DA:275,0
DA:276,0
DA:277,0
DA:278,0
DA:279,0
DA:280,0
DA:281,0
DA:282,0
DA:283,0
DA:284,0
DA:285,0
DA:286,0
DA:287,0
DA:288,0
DA:289,0
DA:290,0
DA:294,0
DA:296,0
DA:297,0
DA:299,0
DA:301,0
DA:304,0
DA:308,0
DA:309,0
DA:310,0
DA:311,0
DA:312,0
DA:313,0
DA:314,0
DA:315,0
DA:316,0
DA:317,0
DA:318,0
DA:319,0
DA:320,0
DA:321,0
DA:322,0
DA:323,0
DA:324,0
DA:325,0
DA:326,0
DA:327,0
DA:328,0
DA:329,0
DA:330,0
DA:331,0
DA:332,0
DA:333,0
DA:334,0
DA:335,0
DA:336,0
DA:337,0
DA:338,0
DA:339,0
DA:340,0
DA:341,0
DA:342,0
DA:343,0
DA:344,0
DA:345,0
DA:346,0
DA:347,0
DA:348,0
DA:349,0
DA:350,0
DA:351,0
DA:352,0
DA:353,0
DA:354,0
DA:355,0
DA:356,0
DA:357,0
DA:358,0
DA:359,0
DA:360,0
DA:361,0
DA:362,0
DA:363,0
DA:364,0
DA:365,0
DA:366,0
DA:367,0
DA:368,0
DA:369,0
DA:370,0
DA:371,0
DA:372,0
DA:373,0
DA:374,0
DA:375,0
DA:376,0
DA:377,0
DA:378,0
DA:379,0
DA:380,0
DA:383,0
DA:385,0
DA:386,0
DA:387,0
DA:388,0
DA:389,0
DA:390,0
DA:391,0
DA:392,0
DA:393,0
DA:394,0
DA:395,0
DA:396,0
DA:397,0
DA:398,0
DA:399,0
DA:400,0
DA:401,0
DA:402,0
DA:403,0
DA:404,0
DA:405,0
DA:406,0
DA:407,0
DA:408,0
DA:409,0
DA:410,0
DA:411,0
DA:412,0
DA:413,0
DA:414,0
DA:415,0
DA:416,0
DA:417,0
DA:418,0
DA:419,0
DA:420,0
DA:421,0
DA:422,0
DA:423,0
DA:424,0
DA:425,0
DA:426,0
DA:427,0
DA:428,0
DA:429,0
DA:430,0
DA:431,0
DA:432,0
DA:433,0
DA:434,0
DA:435,0
DA:436,0
DA:437,0
DA:438,0
DA:439,0
DA:440,0
DA:441,0
DA:442,0
DA:443,0
DA:444,0
DA:445,0
DA:446,0
DA:447,0
DA:448,0
DA:449,0
DA:450,0
DA:453,0
DA:454,0
DA:456,0
DA:457,0
DA:460,0
DA:461,0
DA:462,0
DA:463,0
DA:465,0
DA:466,0
DA:467,0
DA:468,0
DA:469,0
DA:470,0
DA:471,0
DA:472,0
DA:473,0
DA:474,0
DA:475,0
DA:476,0
DA:477,0
DA:478,0
DA:479,0
DA:480,0
DA:481,0
DA:482,0
DA:484,0
DA:485,0
DA:487,0
DA:489,0
DA:491,0
DA:492,0
DA:493,0
DA:494,0
DA:496,0
DA:497,0
DA:498,0
DA:499,0
DA:500,0
DA:501,0
DA:502,0
DA:503,0
DA:504,0
DA:505,0
DA:506,0
DA:507,0
DA:508,0
DA:509,0
DA:510,0
DA:511,0
DA:512,0
DA:513,0
DA:514,0
DA:515,0
DA:516,0
DA:517,0
DA:518,0
DA:519,0
DA:520,0
DA:521,0
DA:522,0
DA:523,0
DA:524,0
DA:525,0
DA:526,0
DA:527,0
DA:528,0
DA:529,0
DA:530,0
DA:531,0
LF:354
LH:0
end_of_record
SF:lib\app\api\students\put_students_endpoint.dart
DA:6,0
DA:14,0
DA:15,0
DA:17,0
DA:18,0
DA:20,0
DA:23,0
DA:26,0
LF:8
LH:0
end_of_record
SF:lib\app\core\network\custom_dio\custom_dio.dart
DA:9,0
DA:10,0
DA:11,0
DA:13,0
DA:14,0
DA:16,0
LF:6
LH:0
end_of_record
SF:lib\app\core\plataform\session_service.dart
DA:30,0
DA:31,0
DA:33,0
DA:37,0
DA:39,0
DA:41,0
DA:45,0
DA:46,0
DA:48,0
DA:50,0
DA:52,0
DA:59,0
DA:60,0
DA:62,0
DA:67,0
DA:74,0
DA:75,0
DA:77,0
DA:86,0
DA:87,0
DA:89,0
DA:94,0
DA:101,0
DA:102,0
DA:104,0
DA:113,0
DA:114,0
DA:116,0
DA:122,0
DA:123,0
DA:125,0
DA:131,0
DA:132,0
DA:134,0
DA:140,0
DA:141,0
DA:143,0
DA:149,0
DA:150,0
DA:152,0
DA:155,0
DA:159,0
DA:161,0
DA:163,0
DA:167,0
DA:168,0
DA:170,0
DA:172,0
LF:48
LH:0
end_of_record
SF:lib\app\features\school\school_module.dart
DA:10,0
DA:12,0
DA:14,0
DA:17,0
DA:20,0
DA:21,0
DA:23,0
DA:26,0
DA:27,0
DA:28,0
DA:32,0
DA:33,0
DA:34,0
LF:13
LH:0
end_of_record
SF:lib\app\shared\util\session\session_bloc.dart
DA:7,0
DA:11,0
DA:12,0
DA:13,0
DA:16,0
DA:17,0
DA:18,0
DA:23,0
DA:24,0
DA:25,0
DA:28,0
DA:29,0
DA:30,0
DA:40,0
DA:46,0
DA:51,0
DA:52,0
DA:53,0
DA:57,0
DA:60,0
DA:62,0
DA:63,0
DA:64,0
DA:67,0
DA:68,0
LF:25
LH:0
end_of_record
SF:lib\app\core\network\service\router.dart
DA:10,0
DA:15,0
DA:19,0
DA:20,0
DA:22,0
DA:23,0
DA:33,0
DA:37,0
DA:38,0
DA:39,0
DA:40,0
DA:45,0
DA:46,0
DA:48,0
DA:49,0
DA:56,0
DA:59,0
DA:60,0
DA:61,0
DA:62,0
DA:68,0
DA:71,0
DA:72,0
DA:73,0
DA:75,0
DA:76,0
DA:79,0
DA:80,0
DA:83,0
DA:84,0
DA:87,0
DA:88,0
DA:89,0
DA:91,0
LF:34
LH:0
end_of_record
SF:lib\app\core\plataform\pkg_info_service.dart
DA:12,0
DA:13,0
DA:14,0
DA:18,0
DA:19,0
DA:20,0
DA:24,0
DA:25,0
DA:26,0
DA:30,0
DA:31,0
DA:32,0
LF:12
LH:0
end_of_record
SF:lib\app\app_widget.dart
DA:12,0
DA:14,0
DA:16,0
DA:17,0
DA:19,0
DA:21,0
DA:22,0
LF:7
LH:0
end_of_record
SF:lib\app\core\config\dev_config.dart
DA:4,0
DA:7,0
DA:10,0
DA:13,0
DA:16,0
LF:5
LH:0
end_of_record
SF:lib\app\core\config\enviroment.dart
DA:7,0
DA:8,0
DA:11,0
DA:13,0
DA:20,0
DA:21,0
DA:24,0
DA:26,0
DA:27,0
DA:29,0
LF:10
LH:0
end_of_record
SF:lib\app\core\config\prod_config.dart
DA:4,0
DA:7,0
DA:10,0
DA:13,0
DA:16,0
LF:5
LH:0
end_of_record
SF:lib\app\core\data\data_source.dart
DA:2,0
DA:4,0
DA:7,0
DA:9,0
DA:12,0
DA:14,0
DA:17,0
DA:19,0
DA:22,0
DA:24,0
LF:10
LH:0
end_of_record
SF:lib\app\core\network\interceptors\auth_interceptor.dart
DA:6,0
DA:11,0
DA:12,0
DA:13,0
DA:14,0
DA:16,0
LF:6
LH:0
end_of_record
SF:lib\app\core\network\interceptors\debug_interceptor.dart
DA:6,0
DA:7,0
DA:11,0
DA:16,0
DA:17,0
DA:20,0
DA:21,0
DA:23,0
DA:26,0
DA:29,0
DA:30,0
DA:33,0
DA:34,0
DA:35,0
DA:39,0
LF:15
LH:0
end_of_record
SF:lib\app\core\network\interceptors\error_interceptor.dart
DA:16,0
DA:22,0
DA:25,0
DA:26,0
DA:27,0
DA:28,0
DA:29,0
DA:30,0
DA:31,0
DA:32,0
DA:36,0
DA:41,0
DA:42,0
DA:43,0
DA:44,0
DA:45,0
DA:46,0
DA:49,0
DA:50,0
DA:53,0
DA:57,0
DA:61,0
DA:62,0
DA:64,0
DA:66,0
DA:68,0
DA:70,0
DA:73,0
DA:74,0
DA:75,0
DA:77,0
DA:78,0
DA:80,0
LF:33
LH:0
end_of_record
SF:lib\app\core\network\interceptors\guard_token_interceptor.dart
DA:13,0
DA:18,0
DA:19,0
DA:20,0
DA:21,0
DA:22,0
DA:23,0
DA:24,0
DA:25,0
DA:28,0
LF:10
LH:0
end_of_record
SF:lib\app\core\network\service\network_response.dart
DA:4,0
DA:10,0
DA:12,0
LF:3
LH:0
end_of_record
SF:lib\app\core\network\service\paginated_response.dart
DA:12,0
DA:20,0
DA:27,0
DA:28,0
DA:29,0
DA:30,0
DA:31,0
DA:32,0
DA:36,0
DA:37,0
DA:38,0
DA:39,0
DA:40,0
DA:41,0
DA:42,0
DA:46,0
DA:47,0
DA:48,0
DA:49,0
DA:50,0
DA:51,0
DA:52,0
DA:56,0
DA:58,0
DA:59,0
DA:61,0
DA:63,0
DA:66,0
DA:69,0
DA:71,0
DA:72,0
DA:73,0
DA:74,0
DA:75,0
DA:76,0
DA:79,0
DA:81,0
DA:82,0
DA:83,0
DA:84,0
DA:85,0
LF:41
LH:0
end_of_record
SF:lib\app\features\auth\data\models\school_model.dart
DA:6,0
DA:68,0
DA:135,0
DA:198,0
DA:200,0
DA:201,0
DA:202,0
DA:203,0
DA:204,0
DA:205,0
DA:207,0
DA:208,0
DA:209,0
DA:210,0
DA:211,0
DA:212,0
DA:213,0
DA:214,0
DA:215,0
DA:216,0
DA:217,0
DA:218,0
DA:219,0
DA:220,0
DA:221,0
DA:222,0
DA:223,0
DA:224,0
DA:225,0
DA:226,0
DA:227,0
DA:228,0
DA:230,0
DA:232,0
DA:233,0
DA:234,0
DA:235,0
DA:236,0
DA:237,0
DA:238,0
DA:240,0
DA:241,0
DA:243,0
DA:246,0
DA:248,0
DA:250,0
DA:251,0
DA:254,0
DA:256,0
DA:257,0
DA:258,0
DA:259,0
DA:261,0
DA:262,0
DA:264,0
DA:265,0
DA:266,0
DA:267,0
DA:268,0
DA:269,0
DA:270,0
DA:271,0
DA:272,0
DA:273,0
DA:277,0
DA:278,0
DA:279,0
DA:280,0
DA:281,0
DA:282,0
DA:283,0
DA:284,0
DA:285,0
DA:286,0
DA:287,0
DA:288,0
DA:289,0
DA:290,0
DA:291,0
DA:292,0
DA:293,0
DA:294,0
DA:295,0
DA:296,0
DA:297,0
DA:298,0
DA:299,0
DA:300,0
DA:301,0
DA:302,0
DA:303,0
DA:304,0
DA:305,0
DA:306,0
DA:307,0
DA:308,0
DA:309,0
DA:310,0
DA:311,0
DA:312,0
DA:313,0
DA:314,0
DA:315,0
DA:316,0
DA:317,0
DA:319,0
DA:321,0
DA:322,0
DA:324,0
DA:325,0
DA:327,0
DA:328,0
DA:329,0
DA:330,0
DA:331,0
DA:332,0
DA:333,0
DA:334,0
DA:335,0
DA:336,0
DA:337,0
DA:338,0
DA:339,0
DA:340,0
DA:341,0
DA:342,0
DA:343,0
DA:347,0
DA:348,0
DA:349,0
DA:350,0
DA:351,0
DA:352,0
DA:353,0
DA:354,0
DA:355,0
DA:356,0
DA:357,0
DA:358,0
DA:359,0
DA:360,0
DA:361,0
DA:362,0
DA:363,0
DA:364,0
DA:365,0
DA:366,0
DA:367,0
DA:368,0
DA:369,0
DA:370,0
DA:371,0
DA:372,0
DA:373,0
DA:374,0
DA:375,0
DA:376,0
DA:377,0
DA:379,0
DA:380,0
DA:381,0
DA:383,0
DA:384,0
DA:385,0
DA:386,0
DA:387,0
DA:388,0
DA:389,0
DA:390,0
DA:392,0
DA:394,0
DA:395,0
DA:397,0
DA:398,0
DA:400,0
DA:401,0
DA:402,0
DA:403,0
DA:404,0
DA:405,0
DA:406,0
DA:407,0
DA:408,0
DA:409,0
DA:410,0
DA:411,0
DA:412,0
DA:413,0
DA:414,0
DA:415,0
DA:416,0
DA:420,0
DA:422,0
DA:423,0
DA:425,0
DA:427,0
DA:430,0
DA:434,0
DA:435,0
DA:436,0
DA:437,0
DA:438,0
DA:439,0
DA:440,0
DA:441,0
DA:442,0
DA:443,0
DA:444,0
DA:445,0
DA:446,0
DA:447,0
DA:448,0
DA:449,0
DA:450,0
DA:451,0
DA:452,0
DA:453,0
DA:454,0
DA:455,0
DA:456,0
DA:457,0
DA:458,0
DA:459,0
DA:460,0
DA:461,0
DA:462,0
DA:463,0
DA:464,0
DA:465,0
DA:466,0
DA:467,0
DA:468,0
DA:469,0
DA:470,0
DA:471,0
DA:472,0
DA:473,0
DA:474,0
DA:475,0
DA:476,0
DA:477,0
DA:478,0
DA:479,0
DA:480,0
DA:481,0
DA:482,0
DA:483,0
DA:484,0
DA:485,0
DA:486,0
DA:487,0
DA:488,0
DA:489,0
DA:490,0
DA:491,0
DA:492,0
DA:493,0
DA:494,0
DA:495,0
DA:496,0
DA:497,0
DA:498,0
DA:499,0
DA:500,0
DA:503,0
DA:505,0
DA:506,0
DA:507,0
DA:508,0
DA:509,0
DA:510,0
DA:511,0
DA:512,0
DA:513,0
DA:514,0
DA:515,0
DA:516,0
DA:517,0
DA:518,0
DA:519,0
DA:520,0
DA:521,0
DA:522,0
DA:523,0
DA:524,0
DA:525,0
DA:526,0
DA:527,0
DA:528,0
DA:529,0
DA:530,0
DA:531,0
DA:532,0
DA:533,0
DA:534,0
DA:535,0
DA:536,0
DA:537,0
DA:538,0
DA:539,0
DA:540,0
DA:541,0
DA:542,0
DA:543,0
DA:544,0
DA:545,0
DA:546,0
DA:547,0
DA:548,0
DA:549,0
DA:550,0
DA:551,0
DA:552,0
DA:553,0
DA:554,0
DA:555,0
DA:556,0
DA:557,0
DA:558,0
DA:559,0
DA:560,0
DA:561,0
DA:562,0
DA:563,0
DA:564,0
DA:565,0
LF:326
LH:0
end_of_record
SF:lib\app\features\auth\domain\entities\school.dart
DA:64,0
LF:1
LH:0
end_of_record
SF:lib\app\features\auth\data\datasources\remote\auth_remote_datasource.dart
DA:10,0
DA:15,0
DA:16,0
DA:17,0
DA:20,0
DA:21,0
DA:25,0
LF:7
LH:0
end_of_record
SF:lib\app\features\auth\data\repositories\auth_repository_impl.dart
DA:11,0
DA:20,0
DA:25,0
DA:26,0
DA:27,0
DA:28,0
DA:33,0
DA:35,0
DA:36,0
DA:37,0
DA:39,0
DA:44,0
DA:46,0
DA:47,0
DA:48,0
DA:49,0
DA:54,0
DA:56,0
DA:57,0
DA:58,0
DA:59,0
DA:61,0
DA:62,0
DA:63,0
DA:68,0
DA:70,0
DA:71,0
DA:72,0
DA:74,0
DA:79,0
DA:81,0
DA:82,0
DA:83,0
DA:85,0
DA:90,0
DA:94,0
DA:95,0
DA:96,0
DA:97,0
DA:102,0
DA:104,0
DA:105,0
DA:106,0
DA:107,0
LF:44
LH:0
end_of_record
SF:lib\app\features\auth\domain\usecases\login_usecase.dart
DA:8,0
DA:13,0
DA:14,0
DA:16,0
DA:18,0
DA:24,0
DA:25,0
DA:26,0
DA:27,0
DA:29,0
DA:30,0
DA:31,0
DA:32,0
DA:38,0
DA:48,0
DA:49,0
LF:16
LH:0
end_of_record
SF:lib\app\features\auth\presentation\bloc\login_state.dart
DA:4,0
DA:8,0
DA:10,0
DA:11,0
DA:17,0
DA:19,0
DA:20,0
DA:26,0
DA:28,0
DA:29,0
DA:33,0
DA:45,0
DA:51,0
DA:52,0
DA:53,0
DA:54,0
DA:55,0
DA:59,0
DA:60,0
DA:64,0
DA:65,0
DA:69,0
DA:72,0
DA:73,0
LF:24
LH:0
end_of_record
SF:lib\app\features\auth\presentation\bloc\login_bloc.dart
DA:14,0
DA:18,0
DA:34,0
DA:35,0
DA:36,0
DA:37,0
DA:38,0
DA:39,0
DA:40,0
DA:42,0
DA:47,0
DA:48,0
DA:49,0
DA:50,0
DA:51,0
DA:55,0
DA:56,0
DA:57,0
DA:58,0
DA:59,0
DA:62,0
DA:64,0
DA:65,0
DA:66,0
DA:67,0
DA:68,0
DA:69,0
DA:70,0
DA:71,0
DA:72,0
DA:76,0
LF:31
LH:0
end_of_record
SF:lib\app\features\auth\presentation\pages\auth_login_page.dart
DA:14,8
DA:18,0
DA:19,0
DA:23,0
DA:25,0
DA:26,0
DA:28,0
DA:31,0
DA:33,0
DA:35,0
DA:36,0
DA:37,0
DA:38,0
DA:40,0
DA:48,0
DA:50,0
DA:51,0
DA:52,0
DA:53,0
DA:54,0
DA:56,0
DA:57,0
DA:58,0
DA:59,0
DA:60,0
DA:62,0
DA:67,0
DA:68,0
DA:69,0
DA:70,0
DA:71,0
DA:73,0
DA:75,0
DA:84,0
DA:85,0
DA:86,0
DA:97,8
DA:99,0
DA:101,0
DA:103,0
DA:106,0
DA:117,0
DA:120,0
DA:123,0
DA:125,0
DA:130,0
DA:133,0
DA:135,0
DA:137,0
DA:140,0
DA:142,0
DA:146,0
DA:148,0
DA:149,0
DA:151,0
DA:154,0
DA:156,0
DA:157,0
DA:160,0
DA:161,0
DA:162,0
DA:165,0
DA:166,0
DA:167,0
DA:168,0
DA:169,0
DA:170,0
DA:172,0
DA:175,0
DA:189,0
DA:190,0
DA:191,0
DA:192,0
DA:193,0
DA:194,0
DA:196,0
DA:209,0
DA:210,0
DA:211,0
DA:217,0
DA:221,0
DA:226,0
DA:235,0
DA:237,0
DA:239,0
DA:240,0
DA:241,0
DA:244,0
DA:246,0
DA:249,0
DA:250,0
DA:252,0
DA:255,0
DA:256,0
DA:259,0
LF:95
LH:2
end_of_record
SF:lib\app\features\auth\data\datasources\local\auth_local_datasource.dart
DA:12,0
DA:15,0
DA:16,0
DA:17,0
DA:19,0
DA:24,0
DA:25,0
DA:26,0
DA:27,0
DA:29,0
DA:33,0
DA:34,0
DA:35,0
LF:13
LH:0
end_of_record
SF:lib\app\features\auth\domain\usecases\verify_auth_usecase.dart
DA:6,0
DA:11,0
DA:12,0
LF:3
LH:0
end_of_record
SF:lib\app\features\auth\data\models\auth_model.dart
DA:7,0
DA:10,0
DA:15,0
DA:19,0
DA:20,0
DA:21,0
DA:25,0
DA:26,0
DA:27,0
DA:28,0
DA:32,0
DA:33,0
DA:34,0
DA:35,0
DA:39,0
DA:41,0
DA:42,0
DA:44,0
DA:45,0
DA:47,0
DA:51,0
DA:52,0
DA:53,0
DA:56,0
DA:57,0
LF:25
LH:0
end_of_record
SF:lib\app\features\auth\data\models\user_model.dart
DA:7,0
DA:12,0
DA:14,0
DA:20,0
DA:21,0
DA:22,0
DA:23,0
DA:24,0
DA:28,0
DA:29,0
DA:30,0
DA:31,0
DA:32,0
DA:33,0
DA:37,0
DA:38,0
DA:39,0
DA:40,0
DA:41,0
DA:42,0
DA:43,0
DA:45,0
DA:49,0
DA:51,0
DA:52,0
DA:54,0
DA:56,0
DA:59,0
DA:62,0
DA:64,0
DA:65,0
DA:66,0
DA:67,0
DA:68,0
DA:71,0
DA:73,0
LF:36
LH:0
end_of_record
SF:lib\app\features\auth\domain\entities\auth_response.dart
DA:8,0
LF:1
LH:0
end_of_record
SF:lib\app\features\auth\domain\entities\user.dart
DA:9,0
LF:1
LH:0
end_of_record
SF:lib\app\features\auth\domain\entities\auth_login.dart
DA:2,0
LF:1
LH:0
end_of_record
SF:lib\app\features\auth\domain\enums\etapa_ensino_enum.dart
DA:1,8
DA:8,0
DA:9,0
DA:12,0
DA:14,0
DA:16,0
DA:18,0
LF:7
LH:1
end_of_record
SF:lib\app\features\auth\domain\enums\mediacao_enum.dart
DA:1,8
DA:8,0
DA:9,0
DA:12,0
DA:14,0
DA:16,0
DA:18,0
LF:7
LH:1
end_of_record
SF:lib\app\features\auth\domain\enums\modalidades_enum.dart
DA:1,8
DA:8,0
DA:9,0
DA:12,0
DA:14,0
DA:16,0
DA:18,0
LF:7
LH:1
end_of_record
SF:lib\app\features\auth\domain\enums\professor_cargo_enum.dart
DA:1,8
DA:9,0
DA:10,0
DA:13,0
DA:15,0
DA:17,0
DA:19,0
DA:21,0
LF:8
LH:1
end_of_record
SF:lib\app\features\auth\domain\enums\professor_tipo_enum.dart
DA:1,8
DA:9,0
DA:10,0
DA:13,0
DA:15,0
DA:17,0
DA:19,0
DA:21,0
LF:8
LH:1
end_of_record
SF:lib\app\features\auth\domain\usecases\list_current_user_schools_usecase.dart
DA:7,0
DA:12,0
DA:13,0
LF:3
LH:0
end_of_record
SF:lib\app\features\auth\domain\usecases\logout_usecase.dart
DA:6,0
DA:11,0
DA:12,0
LF:3
LH:0
end_of_record
SF:lib\app\features\classroom\data\datasource\classroom_datasource.dart
DA:27,0
DA:31,0
DA:32,0
DA:33,0
DA:36,0
DA:40,0
DA:43,0
DA:45,0
DA:46,0
DA:49,0
DA:52,0
DA:55,0
DA:56,0
DA:61,0
DA:65,0
DA:68,0
DA:69,0
DA:70,0
DA:73,0
DA:74,0
DA:75,0
DA:79,0
DA:80,0
DA:81,0
DA:85,0
DA:90,0
DA:91,0
DA:92,0
DA:95,0
DA:96,0
DA:97,0
DA:102,0
DA:104,0
DA:105,0
DA:108,0
DA:109,0
DA:110,0
DA:115,0
DA:119,0
DA:120,0
DA:126,0
DA:130,0
DA:133,0
DA:135,0
DA:136,0
DA:139,0
LF:46
LH:0
end_of_record
SF:lib\app\features\classroom\data\repositories\classroom_repository_impl.dart
DA:18,0
DA:21,0
DA:25,0
DA:26,0
DA:28,0
DA:29,0
DA:30,0
DA:35,0
DA:38,0
DA:39,0
DA:40,0
DA:41,0
DA:46,0
DA:48,0
DA:49,0
DA:50,0
DA:51,0
DA:56,0
DA:61,0
DA:62,0
DA:65,0
DA:66,0
DA:67,0
DA:73,0
DA:75,0
DA:76,0
DA:77,0
DA:78,0
DA:83,0
DA:85,0
DA:86,0
DA:87,0
DA:88,0
DA:94,0
DA:98,0
DA:99,0
DA:100,0
DA:101,0
DA:106,0
DA:109,0
DA:110,0
DA:111,0
DA:112,0
DA:113,0
DA:118,0
DA:122,0
DA:123,0
DA:124,0
DA:125,0
DA:126,0
LF:50
LH:0
end_of_record
SF:lib\app\features\classroom\domain\usecases\create_classroom_usecase.dart
DA:7,0
DA:12,0
DA:15,0
LF:3
LH:0
end_of_record
SF:lib\app\features\classroom\domain\usecases\create_instructor_teaching_data_usecase.dart
DA:9,0
DA:11,0
DA:13,0
LF:3
LH:0
end_of_record
SF:lib\app\features\classroom\domain\usecases\delete_classroom_usecase.dart
DA:6,0
DA:11,0
DA:14,0
LF:3
LH:0
end_of_record
SF:lib\app\features\classroom\domain\usecases\list_edcenso_disciplines_usecase.dart
DA:9,0
DA:11,0
DA:13,0
LF:3
LH:0
end_of_record
SF:lib\app\features\classroom\domain\usecases\list_instructors_usecase.dart
DA:9,0
DA:11,0
DA:12,0
LF:3
LH:0
end_of_record
SF:lib\app\features\classroom\domain\usecases\update_classroom_usecase.dart
DA:7,0
DA:12,0
DA:15,0
DA:16,0
DA:17,0
DA:26,0
LF:6
LH:0
end_of_record
SF:lib\app\features\classroom\domain\usecases\update_instructor_teaching_data_usecase.dart
DA:10,0
DA:12,0
DA:14,0
DA:15,0
DA:22,0
DA:23,0
DA:25,0
LF:7
LH:0
end_of_record
SF:lib\app\features\classroom\presentation\create\bloc\classroom_create_bloc.dart
DA:8,0
DA:11,0
DA:12,0
DA:21,0
DA:24,0
DA:25,0
DA:29,0
DA:30,0
DA:34,0
DA:35,0
DA:39,0
DA:40,0
DA:44,0
DA:45,0
DA:49,0
DA:50,0
DA:54,0
DA:55,0
DA:59,0
DA:60,0
DA:64,0
DA:65,0
DA:69,0
DA:70,0
DA:74,0
DA:75,0
DA:79,0
DA:80,0
DA:84,0
DA:85,0
DA:89,0
DA:90,0
DA:94,0
DA:95,0
DA:99,0
DA:100,0
DA:101,0
DA:102,0
DA:103,0
DA:104,0
DA:105,0
DA:111,0
DA:114,0
DA:115,0
DA:116,0
DA:117,0
DA:118,0
DA:119,0
DA:120,0
DA:121,0
DA:122,0
DA:123,0
DA:124,0
DA:125,0
DA:127,0
DA:128,0
DA:129,0
DA:130,0
DA:131,0
DA:132,0
DA:134,0
DA:135,0
DA:136,0
DA:138,0
DA:139,0
DA:140,0
DA:142,0
DA:143,0
DA:144,0
DA:146,0
DA:147,0
DA:148,0
DA:150,0
DA:151,0
DA:152,0
DA:154,0
DA:155,0
DA:156,0
DA:158,0
DA:160,0
DA:161,0
DA:162,0
DA:163,0
DA:164,0
DA:165,0
DA:167,0
DA:168,0
DA:169,0
DA:171,0
DA:172,0
DA:173,0
DA:175,0
DA:176,0
DA:177,0
DA:179,0
DA:180,0
DA:181,0
DA:183,0
DA:184,0
DA:185,0
DA:187,0
DA:188,0
DA:189,0
DA:190,0
DA:191,0
DA:192,0
DA:193,0
DA:194,0
DA:195,0
DA:196,0
DA:197,0
DA:198,0
DA:199,0
DA:200,0
DA:201,0
DA:202,0
DA:203,0
DA:204,0
DA:205,0
DA:206,0
DA:207,0
DA:208,0
DA:209,0
DA:210,0
DA:211,0
DA:212,0
DA:213,0
DA:214,0
DA:215,0
DA:216,0
DA:217,0
DA:220,0
DA:223,0
DA:226,0
DA:228,0
DA:230,0
LF:136
LH:0
end_of_record
SF:lib\app\features\classroom\presentation\update_delete\bloc\classroom_update_bloc.dart
DA:9,0
DA:16,0
DA:19,0
DA:20,0
DA:21,0
DA:25,0
DA:26,0
DA:30,0
DA:31,0
DA:35,0
DA:36,0
DA:40,0
DA:41,0
DA:45,0
DA:46,0
DA:50,0
DA:51,0
DA:55,0
DA:56,0
DA:60,0
DA:61,0
DA:65,0
DA:66,0
DA:70,0
DA:71,0
DA:75,0
DA:76,0
DA:80,0
DA:81,0
DA:86,0
DA:88,0
DA:89,0
DA:91,0
DA:92,0
DA:93,0
DA:94,0
DA:95,0
DA:96,0
DA:97,0
DA:98,0
DA:99,0
DA:100,0
DA:101,0
DA:102,0
DA:103,0
DA:105,0
DA:106,0
DA:107,0
DA:108,0
DA:109,0
DA:110,0
DA:112,0
DA:113,0
DA:114,0
DA:116,0
DA:117,0
DA:118,0
DA:120,0
DA:121,0
DA:122,0
DA:124,0
DA:125,0
DA:126,0
DA:128,0
DA:129,0
DA:130,0
DA:132,0
DA:133,0
DA:134,0
DA:136,0
DA:137,0
DA:138,0
DA:139,0
DA:140,0
DA:141,0
DA:142,0
DA:143,0
DA:144,0
DA:146,0
DA:147,0
DA:148,0
DA:150,0
DA:151,0
DA:152,0
DA:154,0
DA:155,0
DA:156,0
DA:158,0
DA:159,0
DA:160,0
DA:162,0
DA:163,0
DA:164,0
DA:166,0
DA:167,0
DA:168,0
DA:169,0
DA:170,0
DA:171,0
DA:172,0
DA:173,0
DA:174,0
DA:175,0
DA:176,0
DA:177,0
DA:178,0
DA:179,0
DA:180,0
DA:181,0
DA:182,0
DA:183,0
DA:184,0
DA:185,0
DA:186,0
DA:187,0
DA:192,0
DA:193,0
DA:194,0
DA:196,0
DA:197,0
DA:198,0
DA:199,0
DA:200,0
DA:202,0
DA:204,0
DA:205,0
DA:207,0
DA:208,0
DA:210,0
DA:211,0
DA:213,0
DA:215,0
DA:216,0
DA:218,0
DA:220,0
DA:221,0
DA:222,0
DA:223,0
DA:225,0
DA:227,0
DA:229,0
DA:231,0
DA:233,0
DA:235,0
DA:237,0
DA:239,0
DA:241,0
DA:242,0
DA:243,0
DA:247,0
DA:248,0
DA:249,0
DA:253,0
DA:256,0
DA:257,0
DA:261,0
DA:262,0
DA:266,0
DA:267,0
DA:268,0
DA:272,0
DA:273,0
DA:274,0
DA:276,0
DA:278,0
DA:280,0
DA:282,0
DA:291,0
DA:293,0
DA:294,0
DA:296,0
DA:297,0
DA:300,0
LF:173
LH:0
end_of_record
SF:lib\app\features\classroom\presentation\update_delete\bloc\instructor_form\instructor_form_bloc.dart
DA:16,0
DA:21,0
DA:30,0
DA:32,0
DA:33,0
DA:34,0
DA:37,0
DA:38,0
DA:40,0
DA:41,0
DA:42,0
DA:45,0
DA:46,0
DA:47,0
DA:50,0
DA:51,0
DA:52,0
DA:53,0
DA:56,0
DA:61,0
DA:62,0
DA:63,0
DA:66,0
DA:67,0
DA:68,0
DA:72,0
DA:73,0
DA:76,0
DA:77,0
DA:80,0
DA:81,0
DA:84,0
DA:86,0
DA:87,0
DA:88,0
DA:90,0
DA:91,0
DA:92,0
DA:93,0
DA:94,0
DA:95,0
DA:96,0
DA:97,0
DA:98,0
DA:99,0
DA:100,0
DA:101,0
DA:102,0
DA:103,0
DA:104,0
DA:105,0
DA:106,0
DA:107,0
DA:108,0
DA:110,0
DA:111,0
DA:112,0
DA:113,0
DA:114,0
DA:116,0
DA:117,0
DA:118,0
DA:119,0
DA:120,0
DA:122,0
DA:123,0
DA:124,0
DA:125,0
DA:126,0
DA:127,0
DA:128,0
DA:129,0
DA:130,0
DA:131,0
DA:132,0
DA:133,0
DA:134,0
DA:135,0
DA:136,0
DA:139,0
DA:141,0
DA:142,0
DA:143,0
DA:145,0
DA:146,0
DA:147,0
DA:148,0
DA:149,0
DA:151,0
DA:154,0
DA:156,0
LF:91
LH:0
end_of_record
SF:lib\app\features\classroom\presentation\update_delete\bloc\update_teacher\update_teacher_bloc.dart
DA:11,0
DA:14,0
DA:16,0
DA:22,0
DA:23,0
DA:25,0
DA:26,0
DA:27,0
DA:28,0
DA:29,0
DA:30,0
DA:32,0
DA:33,0
DA:34,0
DA:36,0
DA:37,0
DA:38,0
DA:41,0
DA:42,0
DA:43,0
DA:46,0
DA:47,0
DA:48,0
DA:51,0
DA:52,0
DA:53,0
DA:54,0
DA:55,0
DA:57,0
DA:63,0
DA:67,0
DA:71,0
DA:72,0
DA:73,0
DA:74,0
DA:75,0
DA:80,0
DA:84,0
DA:85,0
DA:86,0
DA:87,0
LF:41
LH:0
end_of_record
SF:lib\app\features\classroom\presentation\update_delete\cubit\tab_controller_cubit.dart
DA:8,0
DA:10,0
DA:11,0
DA:12,0
LF:4
LH:0
end_of_record
SF:lib\app\features\classroom\presentation\update_delete\cubit\tab_controller_state.dart
DA:5,8
DA:12,8
DA:14,0
DA:18,0
DA:19,0
LF:5
LH:2
end_of_record
SF:lib\app\features\classroom\presentation\update_delete\update_delete_classroom_page.dart
DA:13,0
DA:16,0
DA:18,0
DA:20,0
DA:26,0
DA:28,0
DA:29,0
DA:30,0
DA:31,0
DA:33,0
DA:38,0
DA:43,0
DA:44,0
DA:58,0
DA:59,0
DA:60,0
DA:69,0
DA:74,0
DA:75,0
DA:78,0
DA:79,0
DA:80,0
LF:22
LH:0
end_of_record
SF:lib\app\features\classroom\presentation\update_delete\update_student_page.dart
DA:7,16
DA:9,0
DA:11,0
DA:13,0
DA:14,0
DA:15,0
DA:17,0
DA:24,0
DA:26,0
DA:33,0
DA:35,0
DA:42,0
DA:44,0
LF:13
LH:1
end_of_record
SF:lib\app\features\classroom\presentation\update_delete\update_teacher_page.dart
DA:15,0
DA:16,0
DA:19,0
DA:20,0
DA:27,0
DA:29,0
DA:30,0
DA:31,0
DA:34,0
DA:36,0
DA:37,0
DA:38,0
DA:39,0
DA:40,0
DA:41,0
DA:42,0
DA:43,0
DA:46,0
DA:47,0
DA:53,0
DA:54,0
DA:55,0
DA:56,0
DA:58,0
DA:62,0
DA:64,0
DA:65,0
DA:79,0
DA:80,0
DA:81,0
DA:83,0
DA:84,0
DA:85,0
DA:90,0
DA:99,0
DA:100,0
DA:102,0
DA:103,0
DA:119,0
DA:133,0
DA:135,0
DA:136,0
DA:137,0
DA:138,0
DA:139,0
DA:140,0
DA:141,0
DA:142,0
DA:143,0
DA:144,0
DA:145,0
DA:146,0
DA:147,0
DA:158,0
DA:161,0
DA:162,0
DA:164,0
LF:57
LH:0
end_of_record
SF:lib\app\features\classroom\presentation\create\classroom_create_page.dart
DA:20,8
DA:21,0
DA:25,0
DA:26,0
DA:31,0
DA:33,0
DA:34,0
DA:37,0
DA:39,0
DA:41,0
DA:43,0
DA:45,0
DA:64,16
DA:66,0
DA:67,0
DA:75,0
DA:77,0
DA:78,0
DA:81,0
DA:84,0
DA:85,0
DA:86,0
DA:89,0
DA:90,0
DA:91,0
DA:94,0
DA:95,0
DA:96,0
DA:99,0
DA:100,0
DA:104,0
DA:107,0
DA:109,0
DA:112,0
DA:115,0
DA:116,0
DA:117,0
DA:119,0
DA:120,0
DA:123,0
DA:126,0
DA:127,0
DA:128,0
DA:130,0
DA:131,0
DA:133,0
DA:137,0
DA:139,0
DA:141,0
DA:145,0
DA:147,0
DA:150,0
DA:154,0
DA:156,0
DA:159,0
DA:160,0
DA:161,0
DA:162,0
DA:163,0
DA:164,0
DA:165,0
DA:166,0
DA:168,0
DA:170,0
DA:171,0
DA:172,0
DA:173,0
DA:174,0
DA:175,0
DA:177,0
DA:178,0
DA:182,0
DA:183,0
DA:184,0
DA:185,0
DA:187,0
DA:188,0
DA:192,0
DA:193,0
DA:194,0
DA:197,0
DA:198,0
DA:199,0
DA:200,0
DA:201,0
DA:206,0
DA:207,0
DA:208,0
DA:209,0
DA:210,0
DA:213,0
DA:216,0
DA:217,0
DA:220,0
DA:221,0
DA:228,0
DA:229,0
DA:230,0
DA:231,0
DA:232,0
DA:235,0
DA:236,0
DA:240,0
DA:241,0
DA:244,0
DA:245,0
DA:248,0
DA:251,0
DA:254,0
DA:255,0
DA:258,0
DA:259,0
DA:262,0
DA:263,0
DA:266,0
DA:267,0
DA:270,0
DA:271,0
DA:278,0
DA:280,0
DA:281,0
DA:282,0
LF:122
LH:2
end_of_record
SF:lib\app\features\classroom\presentation\list\bloc\classroom_list_bloc.dart
DA:7,0
DA:11,0
DA:12,0
DA:15,0
DA:16,0
DA:19,0
DA:20,0
DA:21,0
DA:22,0
DA:23,0
DA:24,0
DA:26,0
LF:12
LH:0
end_of_record
SF:lib\app\features\classroom\presentation\list\classroom_page.dart
DA:13,8
DA:14,0
DA:18,0
DA:19,0
DA:24,0
DA:26,0
DA:27,0
DA:30,0
DA:32,0
DA:34,0
DA:36,0
DA:37,0
DA:40,0
DA:41,0
DA:43,0
DA:44,0
DA:45,0
DA:46,0
DA:47,0
DA:50,0
DA:51,0
DA:53,0
DA:60,0
DA:61,0
DA:74,8
DA:76,0
DA:78,0
DA:80,0
DA:81,0
DA:82,0
DA:84,0
DA:86,0
DA:95,0
DA:101,0
DA:103,0
DA:104,0
DA:105,0
DA:106,0
DA:110,0
DA:113,0
DA:114,0
DA:116,0
DA:121,0
DA:127,0
DA:130,0
DA:133,0
DA:136,0
DA:137,0
DA:140,0
DA:144,0
DA:146,0
DA:148,0
LF:52
LH:2
end_of_record
SF:lib\app\features\classroom\data\model\classroom_model.dart
DA:4,0
DA:28,0
DA:54,0
DA:55,0
DA:56,0
DA:57,0
DA:58,0
DA:59,0
DA:60,0
DA:61,0
DA:62,0
DA:63,0
DA:64,0
DA:65,0
DA:66,0
DA:67,0
DA:68,0
DA:69,0
DA:70,0
DA:71,0
DA:72,0
DA:73,0
DA:74,0
DA:75,0
DA:76,0
DA:77,0
DA:78,0
LF:27
LH:0
end_of_record
SF:lib\app\features\classroom\data\model\edcenso_discipline_model.dart
DA:4,0
DA:7,0
DA:12,0
DA:13,0
LF:4
LH:0
end_of_record
SF:lib\app\features\classroom\data\model\instructor_model.dart
DA:4,0
DA:8,0
DA:10,0
DA:11,0
DA:12,0
DA:13,0
DA:14,0
LF:7
LH:0
end_of_record
SF:lib\app\features\classroom\data\model\instructor_teaching_data_model.dart
DA:4,0
DA:10,0
DA:17,0
DA:18,0
DA:19,0
DA:20,0
DA:21,0
DA:22,0
DA:23,0
LF:9
LH:0
end_of_record
SF:lib\app\features\classroom\presentation\create\bloc\classroom_create_events.dart
DA:5,0
DA:7,0
DA:8,0
DA:16,0
DA:17,0
DA:18,0
DA:19,0
DA:26,0
DA:30,0
DA:31,0
DA:35,0
DA:41,0
DA:42,0
DA:46,0
DA:52,0
DA:53,0
DA:57,0
DA:63,0
DA:64,0
DA:68,0
DA:74,0
DA:75,0
DA:79,0
DA:85,0
DA:86,0
DA:90,0
DA:96,0
DA:97,0
DA:101,0
DA:107,0
DA:108,0
DA:112,0
DA:118,0
DA:119,0
DA:123,0
DA:129,0
DA:130,0
DA:134,0
DA:140,0
DA:141,0
DA:145,0
DA:151,0
DA:152,0
DA:156,0
DA:162,0
DA:163,0
DA:167,0
DA:171,0
DA:172,0
DA:176,0
DA:180,0
DA:181,0
DA:185,0
DA:189,0
DA:190,0
DA:194,0
DA:198,0
DA:199,0
DA:203,0
DA:207,0
DA:208,0
DA:212,0
DA:216,0
DA:217,0
DA:221,0
DA:225,0
DA:226,0
DA:230,0
DA:234,0
DA:235,0
LF:70
LH:0
end_of_record
SF:lib\app\features\classroom\presentation\create\bloc\classroom_states.dart
DA:7,0
DA:71,0
DA:104,0
DA:105,0
DA:106,0
DA:107,0
DA:109,0
DA:111,0
DA:112,0
DA:113,0
DA:115,0
DA:117,0
DA:118,0
DA:119,0
DA:121,0
DA:122,0
DA:124,0
DA:125,0
DA:126,0
DA:127,0
DA:128,0
DA:129,0
DA:130,0
DA:131,0
DA:133,0
DA:134,0
DA:138,0
DA:140,0
DA:141,0
DA:142,0
DA:143,0
DA:144,0
DA:145,0
DA:146,0
DA:147,0
DA:148,0
DA:149,0
DA:150,0
DA:151,0
DA:152,0
DA:153,0
DA:154,0
DA:155,0
DA:156,0
DA:157,0
DA:158,0
DA:159,0
DA:160,0
DA:161,0
DA:162,0
DA:163,0
DA:164,0
DA:165,0
DA:166,0
DA:167,0
DA:168,0
DA:169,0
DA:170,0
DA:171,0
LF:59
LH:0
end_of_record
SF:lib\app\features\classroom\presentation\widgets\left_list_checkbox_classroom_widget.dart
DA:7,0
DA:14,0
DA:20,0
DA:22,0
DA:24,0
DA:25,0
DA:28,0
DA:29,0
DA:30,0
DA:33,0
DA:34,0
DA:35,0
DA:38,0
DA:39,0
DA:40,0
DA:43,0
DA:46,0
DA:47,0
DA:48,0
DA:55,0
DA:56,0
LF:21
LH:0
end_of_record
SF:lib\app\features\classroom\presentation\widgets\right_list_checkbox_classroom_widget.dart
DA:7,0
DA:21,0
DA:34,0
DA:36,0
DA:37,0
DA:38,0
DA:41,0
DA:42,0
DA:43,0
DA:46,0
DA:47,0
DA:48,0
DA:51,0
DA:52,0
DA:53,0
DA:56,0
DA:57,0
DA:58,0
DA:61,0
DA:62,0
DA:63,0
DA:66,0
DA:67,0
DA:68,0
DA:71,0
DA:72,0
DA:73,0
DA:76,0
DA:77,0
DA:78,0
DA:82,0
DA:83,0
DA:84,0
DA:87,0
DA:88,0
DA:89,0
DA:92,0
DA:93,0
DA:94,0
DA:101,0
DA:102,0
LF:41
LH:0
end_of_record
SF:lib\app\shared\util\util.dart
DA:3,0
DA:4,0
DA:5,0
DA:6,0
LF:4
LH:0
end_of_record
SF:lib\app\shared\widgets\menu\vertical_menu.dart
DA:9,128
DA:11,0
DA:13,0
DA:14,0
DA:15,0
DA:18,0
DA:19,0
DA:23,0
DA:24,0
DA:27,0
DA:30,0
DA:31,0
DA:35,0
DA:36,0
DA:39,0
DA:42,0
DA:43,0
DA:47,0
DA:48,0
DA:51,0
DA:54,0
DA:55,0
DA:59,0
DA:60,0
DA:63,0
DA:66,0
DA:67,0
DA:71,0
DA:72,0
DA:75,0
DA:78,0
DA:79,0
DA:83,0
DA:84,0
DA:87,0
DA:90,0
DA:94,0
DA:95,0
DA:96,0
DA:97,0
DA:98,0
DA:99,0
DA:104,0
LF:43
LH:1
end_of_record
SF:lib\app\features\classroom\presentation\list\bloc\classroom_list_states.dart
DA:5,8
DA:15,0
DA:16,0
DA:18,0
DA:23,0
DA:24,0
DA:25,0
DA:26,0
DA:32,8
DA:36,0
DA:38,0
DA:42,0
DA:44,0
DA:48,0
DA:50,0
LF:15
LH:2
end_of_record
SF:lib\app\features\classroom\presentation\update_delete\bloc\classroom_states.dart
DA:7,0
DA:9,0
DA:10,0
DA:14,0
DA:78,0
DA:111,0
DA:112,0
DA:113,0
DA:114,0
DA:116,0
DA:118,0
DA:119,0
DA:120,0
DA:122,0
DA:124,0
DA:125,0
DA:126,0
DA:128,0
DA:129,0
DA:131,0
DA:132,0
DA:133,0
DA:134,0
DA:135,0
DA:136,0
DA:137,0
DA:138,0
DA:140,0
DA:141,0
DA:145,0
DA:147,0
DA:148,0
DA:149,0
DA:150,0
DA:151,0
DA:152,0
DA:153,0
DA:154,0
DA:155,0
DA:156,0
DA:157,0
DA:158,0
DA:159,0
DA:160,0
DA:161,0
DA:162,0
DA:163,0
DA:164,0
DA:165,0
DA:166,0
DA:167,0
DA:168,0
DA:169,0
DA:170,0
DA:171,0
DA:172,0
DA:173,0
DA:174,0
DA:175,0
DA:176,0
DA:177,0
DA:178,0
LF:62
LH:0
end_of_record
SF:lib\app\features\classroom\presentation\update_delete\bloc\classroom_update_events.dart
DA:5,0
DA:7,0
DA:8,0
DA:16,0
DA:20,0
DA:21,0
DA:22,0
DA:23,0
DA:30,0
DA:79,0
DA:81,0
DA:82,0
DA:83,0
DA:84,0
DA:85,0
DA:86,0
DA:87,0
DA:88,0
DA:89,0
DA:90,0
DA:91,0
DA:92,0
DA:93,0
DA:94,0
DA:95,0
DA:96,0
DA:97,0
DA:98,0
DA:99,0
DA:100,0
DA:101,0
DA:102,0
DA:103,0
DA:104,0
DA:109,0
DA:113,0
DA:114,0
DA:118,0
DA:124,0
DA:125,0
DA:129,0
DA:135,0
DA:136,0
DA:140,0
DA:146,0
DA:147,0
DA:151,0
DA:157,0
DA:158,0
DA:162,0
DA:168,0
DA:169,0
DA:173,0
DA:179,0
DA:180,0
DA:184,0
DA:190,0
DA:191,0
DA:195,0
DA:201,0
DA:202,0
DA:206,0
DA:212,0
DA:213,0
DA:217,0
DA:223,0
DA:224,0
DA:228,0
DA:234,0
DA:235,0
DA:239,0
DA:245,0
DA:246,0
DA:250,0
DA:254,0
DA:255,0
DA:259,0
DA:263,0
DA:264,0
DA:268,0
DA:272,0
DA:273,0
DA:277,0
DA:281,0
DA:282,0
DA:286,0
DA:290,0
DA:291,0
DA:295,0
DA:299,0
DA:300,0
DA:304,0
DA:308,0
DA:309,0
DA:313,0
DA:317,0
DA:318,0
DA:322,0
DA:326,0
DA:327,0
LF:100
LH:0
end_of_record
SF:lib\app\features\classroom\presentation\update_delete\bloc\instructor_form\instructor_form_events.dart
DA:6,0
DA:7,0
DA:24,0
DA:37,0
DA:43,0
DA:45,0
DA:51,0
DA:52,0
DA:53,0
LF:9
LH:0
end_of_record
SF:lib\app\features\classroom\presentation\update_delete\bloc\instructor_form\instructor_form_states.dart
DA:6,0
DA:10,0
DA:11,0
DA:19,0
DA:25,0
DA:30,0
DA:37,0
DA:39,0
DA:43,0
DA:44,0
DA:45,0
DA:49,0
DA:50,0
DA:51,0
LF:14
LH:0
end_of_record
SF:lib\app\features\classroom\presentation\update_delete\bloc\update_teacher\update_teacher_states.dart
DA:12,0
DA:17,0
DA:18,0
DA:22,0
DA:24,0
DA:28,0
DA:30,0
DA:34,0
DA:36,0
LF:9
LH:0
end_of_record
SF:lib\app\features\classroom\presentation\update_delete\classroom_update_page.dart
DA:19,0
DA:22,0
DA:24,0
DA:25,0
DA:48,0
DA:50,0
DA:51,0
DA:52,0
DA:53,0
DA:54,0
DA:56,0
DA:57,0
DA:58,0
DA:59,0
DA:61,0
DA:62,0
DA:64,0
DA:66,0
DA:67,0
DA:68,0
DA:69,0
DA:70,0
DA:72,0
DA:74,0
DA:75,0
DA:76,0
DA:78,0
DA:80,0
DA:81,0
DA:83,0
DA:85,0
DA:86,0
DA:87,0
DA:89,0
DA:91,0
DA:96,0
DA:99,0
DA:103,0
DA:104,0
DA:108,0
DA:111,0
DA:113,0
DA:116,0
DA:119,0
DA:120,0
DA:121,0
DA:123,0
DA:124,0
DA:127,0
DA:130,0
DA:131,0
DA:132,0
DA:134,0
DA:135,0
DA:137,0
DA:140,0
DA:141,0
DA:143,0
DA:145,0
DA:148,0
DA:149,0
DA:151,0
DA:154,0
DA:155,0
DA:158,0
DA:159,0
DA:161,0
DA:164,0
DA:165,0
DA:166,0
DA:167,0
DA:168,0
DA:169,0
DA:170,0
DA:171,0
DA:173,0
DA:175,0
DA:176,0
DA:177,0
DA:178,0
DA:179,0
DA:181,0
DA:182,0
DA:185,0
DA:186,0
DA:187,0
DA:189,0
DA:190,0
DA:193,0
DA:194,0
DA:195,0
DA:198,0
DA:199,0
DA:200,0
DA:201,0
DA:202,0
DA:207,0
DA:208,0
DA:209,0
DA:210,0
DA:211,0
DA:212,0
DA:215,0
DA:218,0
DA:219,0
DA:222,0
DA:223,0
DA:230,0
DA:231,0
DA:232,0
DA:233,0
DA:234,0
DA:237,0
DA:238,0
DA:242,0
DA:243,0
DA:246,0
DA:247,0
DA:250,0
DA:251,0
DA:254,0
DA:257,0
DA:258,0
DA:261,0
DA:262,0
DA:265,0
DA:266,0
DA:269,0
DA:270,0
DA:273,0
DA:274,0
DA:281,0
DA:283,0
DA:284,0
DA:286,0
DA:287,0
DA:288,0
DA:289,0
DA:293,0
DA:295,0
DA:296,0
DA:297,0
LF:142
LH:0
end_of_record
SF:lib\app\features\classroom\presentation\widgets\left_list_checkbox_classroom_update_widget.dart
DA:7,0
DA:14,0
DA:20,0
DA:22,0
DA:24,0
DA:25,0
DA:28,0
DA:29,0
DA:30,0
DA:33,0
DA:34,0
DA:35,0
DA:38,0
DA:39,0
DA:40,0
DA:43,0
DA:46,0
DA:47,0
DA:48,0
DA:55,0
DA:56,0
LF:21
LH:0
end_of_record
SF:lib\app\features\classroom\presentation\widgets\right_list_checkbox_classroom_update_widget.dart
DA:7,0
DA:21,0
DA:34,0
DA:36,0
DA:37,0
DA:38,0
DA:41,0
DA:42,0
DA:43,0
DA:46,0
DA:47,0
DA:48,0
DA:51,0
DA:52,0
DA:53,0
DA:56,0
DA:57,0
DA:58,0
DA:61,0
DA:62,0
DA:63,0
DA:66,0
DA:67,0
DA:68,0
DA:71,0
DA:72,0
DA:73,0
DA:76,0
DA:77,0
DA:78,0
DA:82,0
DA:83,0
DA:84,0
DA:87,0
DA:88,0
DA:89,0
DA:92,0
DA:93,0
DA:94,0
DA:101,0
DA:102,0
LF:41
LH:0
end_of_record
SF:lib\app\features\classroom\presentation\widgets\tag_button_icon.dart
DA:6,0
DA:13,0
DA:19,0
DA:21,0
DA:22,0
DA:23,0
DA:24,0
DA:37,0
DA:38,0
DA:39,0
DA:41,0
DA:42,0
DA:43,0
LF:13
LH:0
end_of_record
SF:lib\app\features\classroom\presentation\widgets\add_teacher_dialog.dart
DA:16,0
DA:22,0
DA:28,0
DA:29,0
DA:46,0
DA:48,0
DA:49,0
DA:50,0
DA:51,0
DA:52,0
DA:53,0
DA:56,0
DA:58,0
DA:61,0
DA:63,0
DA:64,0
DA:67,0
DA:69,0
DA:71,0
DA:72,0
DA:74,0
DA:75,0
DA:76,0
DA:81,0
DA:82,0
DA:83,0
DA:85,0
DA:87,0
DA:100,0
DA:102,0
DA:103,0
DA:104,0
DA:105,0
DA:106,0
DA:112,0
DA:113,0
DA:114,0
DA:115,0
DA:116,0
DA:117,0
DA:118,0
DA:121,0
DA:122,0
DA:124,0
DA:129,0
DA:130,0
DA:131,0
DA:134,0
DA:135,0
DA:137,0
DA:139,0
DA:141,0
DA:142,0
DA:145,0
DA:147,0
DA:150,0
DA:152,0
DA:153,0
DA:154,0
DA:155,0
DA:156,0
DA:157,0
DA:158,0
DA:163,0
DA:166,0
DA:169,0
DA:170,0
DA:171,0
DA:172,0
DA:173,0
DA:174,0
DA:175,0
DA:178,0
DA:179,0
DA:180,0
DA:181,0
DA:182,0
DA:185,0
DA:190,0
DA:191,0
DA:192,0
DA:193,0
DA:195,0
DA:196,0
DA:197,0
DA:198,0
DA:211,0
DA:212,0
DA:226,0
DA:227,0
DA:228,0
DA:229,0
DA:235,0
DA:237,0
DA:238,0
DA:240,0
DA:242,0
DA:245,0
DA:247,0
DA:248,0
DA:250,0
DA:251,0
DA:253,0
DA:256,0
DA:260,0
DA:263,0
DA:264,0
DA:266,0
DA:267,0
DA:268,0
DA:274,0
DA:276,0
DA:277,0
DA:278,0
DA:279,0
DA:280,0
DA:281,0
LF:117
LH:0
end_of_record
SF:lib\app\features\classroom\presentation\widgets\checkbox_widget.dart
DA:5,0
DA:10,0
DA:14,0
DA:16,0
DA:17,0
DA:18,0
DA:19,0
DA:20,0
DA:22,0
DA:23,0
DA:24,0
LF:11
LH:0
end_of_record
SF:lib\app\features\edcenso_locations\data\datasources\edcenso_locations_local_datasource.dart
DA:5,0
DA:7,0
DA:8,0
DA:9,0
DA:13,0
DA:17,0
DA:18,0
DA:24,0
DA:27,0
DA:30,0
DA:32,0
DA:34,0
LF:12
LH:0
end_of_record
SF:lib\app\features\edcenso_locations\data\models\edcenso_city_model.dart
DA:6,0
DA:15,0
DA:26,0
DA:36,0
DA:37,0
DA:38,0
DA:39,0
DA:40,0
DA:41,0
DA:42,0
DA:43,0
DA:44,0
DA:48,0
DA:49,0
DA:50,0
DA:51,0
DA:52,0
DA:53,0
DA:54,0
DA:55,0
DA:56,0
DA:57,0
DA:61,0
DA:62,0
DA:63,0
DA:64,0
DA:65,0
DA:66,0
DA:67,0
DA:68,0
DA:69,0
DA:70,0
DA:74,0
DA:76,0
DA:77,0
DA:79,0
DA:81,0
DA:84,0
DA:88,0
DA:89,0
DA:90,0
DA:91,0
DA:92,0
DA:93,0
DA:94,0
DA:95,0
DA:96,0
DA:99,0
DA:101,0
DA:102,0
DA:103,0
DA:104,0
DA:105,0
DA:106,0
DA:107,0
DA:108,0
LF:56
LH:0
end_of_record
SF:lib\app\features\edcenso_locations\data\datasources\edcenso_locations_remote_datasource.dart
DA:10,0
DA:12,0
DA:13,0
DA:14,0
DA:17,0
DA:18,0
DA:19,0
DA:24,0
DA:25,0
DA:26,0
DA:29,0
DA:30,0
DA:31,0
LF:13
LH:0
end_of_record
SF:lib\app\features\edcenso_locations\data\models\edcenso_uf_models.dart
DA:6,0
DA:11,0
DA:13,0
DA:19,0
DA:20,0
DA:21,0
DA:22,0
DA:23,0
DA:27,0
DA:28,0
DA:29,0
DA:30,0
DA:31,0
DA:32,0
DA:36,0
DA:37,0
DA:38,0
DA:39,0
DA:40,0
DA:41,0
DA:45,0
DA:47,0
DA:48,0
DA:50,0
DA:52,0
DA:55,0
DA:59,0
DA:60,0
DA:61,0
DA:62,0
DA:63,0
DA:66,0
DA:68,0
LF:33
LH:0
end_of_record
SF:lib\app\features\edcenso_locations\domain\entities\edcenso_city.dart
DA:11,0
LF:1
LH:0
end_of_record
SF:lib\app\features\edcenso_locations\domain\entities\edcenso_uf.dart
DA:7,0
LF:1
LH:0
end_of_record
SF:lib\app\features\edcenso_locations\data\repositories\edcenso_locations_repositories_impl.dart
DA:13,0
DA:16,0
DA:20,0
DA:22,0
DA:24,0
DA:25,0
DA:28,0
DA:29,0
DA:31,0
DA:32,0
DA:35,0
DA:37,0
DA:42,0
DA:44,0
DA:46,0
DA:47,0
DA:50,0
DA:52,0
LF:18
LH:0
end_of_record
SF:lib\app\features\edcenso_locations\domain\usecases\list_cities_usecase.dart
DA:10,0
DA:12,0
DA:14,0
DA:19,0
DA:25,0
DA:26,0
LF:6
LH:0
end_of_record
SF:lib\app\features\edcenso_locations\domain\usecases\list_ufs_usecase.dart
DA:9,0
DA:11,0
DA:13,0
LF:3
LH:0
end_of_record
SF:lib\app\features\home\home_controller.dart
DA:8,0
DA:9,0
DA:12,0
DA:13,0
DA:16,0
DA:18,0
LF:6
LH:0
end_of_record
SF:lib\app\features\home\home_events.dart
DA:6,0
LF:1
LH:0
end_of_record
SF:lib\app\features\home\home_page.dart
DA:7,8
DA:9,0
DA:10,0
DA:16,0
DA:18,0
DA:19,0
DA:22,0
DA:24,0
DA:25,0
DA:26,0
DA:27,0
DA:28,0
DA:30,0
DA:31,0
DA:32,0
DA:39,0
DA:40,0
LF:17
LH:1
end_of_record
SF:lib\app\features\meals\data\datasources\local\ingredient_dumb_datasource.dart
DA:12,0
DA:13,0
DA:16,0
DA:18,0
LF:4
LH:0
end_of_record
SF:lib\app\features\meals\data\models\ingredient_model.dart
DA:6,0
DA:26,0
DA:36,0
DA:37,0
DA:38,0
DA:39,0
DA:40,0
DA:41,0
DA:42,0
DA:43,0
DA:44,0
DA:48,0
DA:49,0
DA:50,0
DA:51,0
DA:52,0
DA:53,0
DA:54,0
DA:55,0
DA:56,0
DA:57,0
DA:61,0
DA:63,0
DA:65,0
DA:66,0
DA:67,0
DA:68,0
DA:69,0
DA:70,0
DA:71,0
DA:72,0
DA:73,0
DA:76,0
DA:78,0
DA:79,0
DA:81,0
DA:84,0
DA:85,0
DA:86,0
DA:87,0
DA:90,0
DA:93,0
DA:95,0
DA:96,0
DA:97,0
DA:98,0
DA:99,0
DA:100,0
DA:101,0
DA:102,0
DA:103,0
DA:106,0
DA:108,0
DA:109,0
DA:110,0
DA:111,0
DA:112,0
DA:113,0
DA:114,0
DA:115,0
LF:60
LH:0
end_of_record
SF:lib\app\features\meals\data\datasources\local\meals_menu_dumb_datasource.dart
DA:13,0
DA:14,0
DA:17,0
DA:20,0
DA:21,0
LF:5
LH:0
end_of_record
SF:lib\app\features\meals\data\models\food_menu_model.dart
DA:8,0
DA:30,0
DA:41,0
DA:42,0
DA:43,0
DA:44,0
DA:45,0
DA:46,0
DA:47,0
DA:48,0
DA:49,0
DA:50,0
DA:54,0
DA:55,0
DA:56,0
DA:57,0
DA:58,0
DA:59,0
DA:60,0
DA:61,0
DA:62,0
DA:63,0
DA:64,0
DA:68,0
DA:69,0
DA:70,0
DA:71,0
DA:72,0
DA:75,0
DA:76,0
DA:77,0
DA:78,0
DA:79,0
DA:80,0
DA:81,0
DA:82,0
DA:86,0
DA:88,0
DA:89,0
DA:91,0
DA:94,0
DA:95,0
DA:96,0
DA:97,0
DA:100,0
DA:103,0
DA:105,0
DA:106,0
DA:107,0
DA:108,0
DA:109,0
DA:110,0
DA:111,0
DA:112,0
DA:113,0
DA:114,0
DA:117,0
DA:119,0
DA:120,0
DA:121,0
DA:122,0
DA:123,0
DA:124,0
DA:125,0
DA:126,0
DA:127,0
LF:66
LH:0
end_of_record
SF:lib\app\features\meals\data\datasources\remote\meals_remote_datasource.dart
DA:6,0
DA:12,0
DA:13,0
DA:14,0
DA:18,0
LF:5
LH:0
end_of_record
SF:lib\app\features\meals\data\datasources\remote\stock_remote_datasource.dart
DA:11,0
DA:16,0
DA:17,0
DA:18,0
DA:21,0
DA:22,0
DA:25,0
LF:7
LH:0
end_of_record
SF:lib\app\features\meals\data\models\ingredient_inventory.dart
DA:7,0
DA:15,0
DA:26,0
DA:27,0
DA:28,0
DA:29,0
DA:30,0
DA:32,0
DA:33,0
DA:37,0
DA:39,0
DA:40,0
DA:44,0
DA:52,0
DA:53,0
DA:54,0
DA:55,0
DA:56,0
DA:57,0
DA:58,0
DA:59,0
DA:63,0
DA:64,0
DA:65,0
DA:66,0
DA:67,0
DA:68,0
DA:72,0
DA:74,0
DA:77,0
DA:78,0
DA:79,0
DA:82,0
DA:86,0
DA:87,0
DA:88,0
DA:89,0
DA:90,0
DA:91,0
DA:92,0
DA:95,0
DA:97,0
DA:98,0
DA:99,0
DA:100,0
DA:101,0
DA:102,0
LF:47
LH:0
end_of_record
SF:lib\app\features\meals\domain\entities\ingredient.dart
DA:2,0
DA:14,0
DA:16,0
LF:3
LH:0
end_of_record
SF:lib\app\features\meals\data\models\component_model.dart
DA:8,0
DA:24,0
DA:32,0
DA:33,0
DA:34,0
DA:35,0
DA:36,0
DA:37,0
DA:38,0
DA:42,0
DA:43,0
DA:44,0
DA:45,0
DA:46,0
DA:47,0
DA:48,0
DA:49,0
DA:53,0
DA:54,0
DA:55,0
DA:56,0
DA:57,0
DA:58,0
DA:59,0
DA:60,0
DA:61,0
DA:65,0
DA:67,0
DA:68,0
DA:70,0
DA:73,0
DA:74,0
DA:75,0
DA:76,0
DA:79,0
DA:82,0
DA:84,0
DA:85,0
DA:86,0
DA:87,0
DA:88,0
DA:89,0
DA:90,0
DA:93,0
DA:95,0
DA:96,0
DA:97,0
DA:98,0
DA:99,0
DA:100,0
LF:50
LH:0
end_of_record
SF:lib\app\features\meals\data\models\meal_model.dart
DA:8,0
DA:28,0
DA:38,0
DA:39,0
DA:40,0
DA:41,0
DA:42,0
DA:43,0
DA:44,0
DA:45,0
DA:46,0
DA:50,0
DA:51,0
DA:52,0
DA:53,0
DA:54,0
DA:55,0
DA:56,0
DA:57,0
DA:58,0
DA:59,0
DA:63,0
DA:64,0
DA:65,0
DA:67,0
DA:68,0
DA:69,0
DA:70,0
DA:71,0
DA:72,0
DA:73,0
DA:74,0
DA:78,0
DA:80,0
DA:81,0
DA:83,0
DA:86,0
DA:87,0
DA:88,0
DA:89,0
DA:92,0
DA:95,0
DA:97,0
DA:98,0
DA:99,0
DA:100,0
DA:101,0
DA:102,0
DA:103,0
DA:104,0
DA:105,0
DA:108,0
DA:110,0
DA:111,0
DA:112,0
DA:113,0
DA:114,0
DA:115,0
DA:116,0
DA:117,0
LF:60
LH:0
end_of_record
SF:lib\app\features\meals\data\models\food_model.dart
DA:6,0
DA:10,0
DA:16,0
DA:17,0
DA:18,0
DA:19,0
DA:20,0
DA:23,0
DA:25,0
DA:29,0
DA:31,0
DA:36,0
DA:37,0
DA:38,0
DA:39,0
DA:43,0
DA:44,0
DA:45,0
DA:46,0
DA:47,0
DA:51,0
DA:53,0
DA:54,0
DA:55,0
DA:57,0
DA:61,0
DA:62,0
DA:63,0
DA:64,0
DA:67,0
DA:69,0
LF:31
LH:0
end_of_record
SF:lib\app\features\meals\domain\entities\food.dart
DA:2,0
LF:1
LH:0
end_of_record
SF:lib\app\features\meals\domain\entities\inventory_ingredient.dart
DA:3,8
DA:4,8
DA:7,0
DA:25,0
DA:27,0
LF:5
LH:2
end_of_record
SF:lib\app\features\meals\data\repositories\ingredient_repository_impl.dart
DA:8,0
DA:17,0
DA:19,0
DA:20,0
DA:22,0
DA:23,0
LF:6
LH:0
end_of_record
SF:lib\app\features\meals\data\repositories\meals_menu_repository_impl.dart
DA:9,0
DA:20,0
DA:22,0
DA:23,0
DA:24,0
DA:26,0
DA:27,0
LF:7
LH:0
end_of_record
SF:lib\app\features\meals\domain\entities\meals_menu.dart
DA:4,0
LF:1
LH:0
end_of_record
SF:lib\app\features\meals\mappers\meal_menu_api_to_entity.dart
DA:12,0
DA:14,0
DA:15,0
DA:17,0
DA:22,0
DA:23,0
DA:24,0
DA:25,0
DA:26,0
DA:27,0
DA:30,0
DA:35,0
DA:36,0
DA:37,0
DA:38,0
DA:40,0
DA:44,0
DA:45,0
DA:46,0
DA:47,0
DA:48,0
DA:49,0
LF:22
LH:0
end_of_record
SF:lib\app\features\meals\domain\entities\meal.dart
DA:4,0
LF:1
LH:0
end_of_record
SF:lib\app\features\meals\domain\entities\meal_component.dart
DA:4,0
LF:1
LH:0
end_of_record
SF:lib\app\features\meals\domain\usecases\list_ingredients_stock_usecase.dart
DA:7,0
DA:12,0
DA:13,0
LF:3
LH:0
end_of_record
SF:lib\app\features\meals\domain\usecases\list_meals_menu_usecase.dart
DA:8,0
DA:13,0
DA:14,0
LF:3
LH:0
end_of_record
SF:lib\app\features\meals\presentation\meals_menu\details_meal\details_meal_page.dart
DA:9,0
DA:12,0
DA:16,0
DA:17,0
DA:21,0
DA:23,0
DA:26,0
DA:31,0
DA:33,0
DA:35,0
DA:38,0
DA:39,0
DA:40,0
DA:42,0
DA:44,0
DA:45,0
DA:56,0
DA:67,0
DA:78,0
LF:19
LH:0
end_of_record
SF:lib\app\features\meals\presentation\meals_menu\list_meals\bloc\list_meals_bloc.dart
DA:10,0
DA:21,0
DA:22,0
DA:23,0
DA:24,0
DA:25,0
DA:26,0
DA:27,0
DA:28,0
DA:32,0
DA:33,0
DA:34,0
DA:35,0
DA:36,0
DA:38,0
DA:39,0
DA:40,0
DA:45,0
DA:47,0
DA:48,0
DA:49,0
DA:52,0
DA:54,0
DA:55,0
DA:56,0
DA:58,0
DA:59,0
DA:63,0
DA:64,0
DA:65,0
DA:66,0
DA:67,0
DA:69,0
DA:70,0
DA:72,0
DA:73,0
DA:75,0
LF:37
LH:0
end_of_record
SF:lib\app\features\meals\presentation\meals_menu\list_meals\list_meals_page.dart
DA:14,8
DA:18,0
DA:19,0
DA:23,0
DA:25,0
DA:26,0
DA:29,0
DA:31,0
DA:38,0
DA:40,0
DA:42,0
DA:43,0
DA:44,0
DA:45,0
DA:46,0
DA:47,0
DA:48,0
DA:49,0
DA:51,0
DA:52,0
DA:57,0
DA:61,0
DA:62,0
DA:63,0
DA:65,0
DA:66,0
DA:67,0
DA:68,0
DA:69,0
DA:70,0
DA:85,0
DA:88,0
DA:92,0
DA:94,0
DA:96,0
DA:97,0
DA:98,0
DA:99,0
DA:107,0
DA:109,0
DA:111,0
DA:113,0
DA:115,0
DA:120,0
DA:122,0
DA:151,0
DA:154,0
DA:157,0
DA:159,0
DA:160,0
DA:161,0
DA:163,0
DA:165,0
DA:168,0
DA:175,0
DA:176,0
DA:178,0
DA:183,0
DA:185,0
DA:196,0
DA:200,0
DA:205,0
DA:206,0
DA:212,0
DA:216,0
DA:218,0
DA:219,0
DA:220,0
DA:222,0
DA:223,0
DA:224,0
DA:226,0
DA:228,0
DA:230,0
LF:74
LH:1
end_of_record
SF:lib\app\features\meals\presentation\select_action\select_action_meals_page.dart
DA:7,8
DA:8,0
DA:12,0
DA:13,0
DA:17,0
DA:19,0
DA:22,0
DA:24,0
DA:26,0
DA:30,0
DA:32,0
DA:34,0
DA:35,0
DA:38,0
DA:39,0
DA:42,0
DA:45,0
DA:46,0
DA:57,0
DA:62,0
DA:68,0
DA:75,0
DA:77,0
DA:81,0
DA:82,0
DA:85,0
DA:90,0
LF:27
LH:1
end_of_record
SF:lib\app\features\meals\presentation\widgets\ingredients_list\ingredients_list.dart
DA:7,0
DA:10,0
DA:14,0
DA:22,0
DA:30,0
DA:34,0
DA:36,0
DA:39,0
DA:40,0
DA:41,0
DA:42,0
LF:11
LH:0
end_of_record
SF:lib\app\features\meals\presentation\meals_menu\ingredient_substitution\details_meal_page.dart
DA:9,0
DA:12,0
DA:16,0
DA:17,0
DA:21,0
DA:23,0
DA:26,0
DA:31,0
DA:32,0
DA:34,0
DA:37,0
DA:38,0
DA:39,0
DA:41,0
DA:43,0
DA:44,0
DA:45,0
DA:46,0
DA:48,0
DA:49,0
DA:55,0
DA:67,0
DA:78,0
LF:23
LH:0
end_of_record
SF:lib\app\features\meals\presentation\meals_menu\list_meals\bloc\list_meals_events.dart
DA:4,0
DA:6,0
DA:7,0
DA:13,0
DA:18,0
DA:23,0
LF:6
LH:0
end_of_record
SF:lib\app\features\meals\presentation\meals_menu\list_meals\bloc\list_meals_states.dart
DA:9,0
DA:10,0
DA:14,0
DA:15,0
DA:19,0
DA:25,0
DA:26,0
DA:30,0
DA:36,0
DA:37,0
LF:10
LH:0
end_of_record
SF:lib\app\features\meals\presentation\widgets\meals_item_per_day\meals_item_per_day.dart
DA:8,0
DA:13,0
DA:19,0
DA:21,0
DA:22,0
DA:23,0
DA:25,0
DA:26,0
DA:27,0
DA:28,0
DA:34,0
DA:35,0
DA:44,0
DA:47,0
DA:48,0
DA:49,0
DA:50,0
DA:52,0
DA:53,0
DA:55,0
DA:57,0
DA:59,0
LF:22
LH:0
end_of_record
SF:lib\app\features\meals\presentation\stock\create_item_stock\bloc\create_item_stock_bloc.dart
DA:9,0
DA:12,0
DA:14,0
DA:17,0
DA:19,0
DA:20,0
DA:22,0
DA:23,0
DA:25,0
DA:26,0
LF:10
LH:0
end_of_record
SF:lib\app\features\meals\presentation\stock\create_item_stock\bloc\create_item_stock_events.dart
DA:4,0
DA:6,0
DA:7,0
DA:17,0
DA:21,0
DA:22,0
DA:26,0
DA:30,0
DA:31,0
DA:35,0
DA:39,0
DA:40,0
DA:44,0
DA:48,0
DA:49,0
DA:53,0
DA:57,0
DA:58,0
DA:62,0
DA:66,0
DA:67,0
DA:71,0
DA:75,0
DA:76,0
DA:80,0
DA:84,0
DA:85,0
DA:89,0
DA:93,0
DA:94,0
LF:30
LH:0
end_of_record
SF:lib\app\features\meals\presentation\stock\create_item_stock\bloc\create_item_stock_states.dart
DA:4,8
DA:26,0
DA:37,0
DA:38,0
DA:39,0
DA:40,0
DA:41,0
DA:42,0
DA:43,0
DA:44,0
DA:45,0
DA:46,0
DA:50,0
DA:51,0
DA:52,0
DA:53,0
DA:54,0
DA:55,0
DA:56,0
DA:57,0
DA:58,0
DA:59,0
DA:60,0
LF:23
LH:1
end_of_record
SF:lib\app\features\meals\presentation\stock\create_item_stock\create_item_stock_page.dart
DA:8,8
DA:9,0
DA:13,0
DA:14,0
DA:19,0
DA:21,0
DA:22,0
DA:25,0
DA:27,0
DA:28,0
DA:30,0
DA:31,0
DA:32,0
DA:33,0
DA:34,0
DA:37,0
DA:48,0
DA:50,0
DA:51,0
DA:71,0
DA:75,0
LF:21
LH:1
end_of_record
SF:lib\app\features\meals\presentation\stock\details_item_stock\details_item_stock_page.dart
DA:8,0
DA:11,0
DA:15,0
DA:16,0
DA:20,0
DA:22,0
DA:25,0
DA:27,0
DA:29,0
DA:32,0
LF:10
LH:0
end_of_record
SF:lib\app\features\meals\presentation\stock\list_items_stock\bloc\stock_bloc.dart
DA:10,0
DA:12,0
DA:18,0
DA:19,0
DA:20,0
DA:21,0
DA:25,0
DA:26,0
DA:27,0
DA:28,0
DA:29,0
DA:31,0
DA:32,0
DA:33,0
LF:14
LH:0
end_of_record
SF:lib\app\features\meals\presentation\stock\list_items_stock\bloc\stock_events.dart
DA:4,0
DA:6,0
DA:7,0
LF:3
LH:0
end_of_record
SF:lib\app\features\meals\presentation\stock\list_items_stock\bloc\stock_states.dart
DA:9,0
DA:10,0
DA:14,0
DA:15,0
DA:19,0
DA:25,0
DA:26,0
DA:30,0
DA:36,0
DA:37,0
LF:10
LH:0
end_of_record
SF:lib\app\features\meals\presentation\stock\list_items_stock\stock_page.dart
DA:13,8
DA:17,0
DA:18,0
DA:22,0
DA:24,0
DA:25,0
DA:28,0
DA:30,0
DA:32,0
DA:33,0
DA:35,0
DA:36,0
DA:37,0
DA:38,0
DA:39,0
DA:41,0
LF:16
LH:1
end_of_record
SF:lib\app\features\meals\presentation\widgets\daily_meals_list\daily_meals_list.dart
DA:7,0
DA:10,0
DA:14,0
DA:16,0
DA:19,0
DA:20,0
DA:21,0
DA:22,0
DA:23,0
DA:24,0
DA:25,0
LF:11
LH:0
end_of_record
SF:lib\app\features\meals\presentation\widgets\ingredient_item\ingredient_item.dart
DA:7,0
DA:10,0
DA:14,0
DA:16,0
DA:17,0
DA:19,0
DA:21,0
DA:25,0
DA:29,0
LF:9
LH:0
end_of_record
SF:lib\app\features\meals\presentation\widgets\meal_item\meal_item.dart
DA:8,0
DA:12,0
DA:17,0
DA:19,0
DA:21,0
DA:22,0
DA:23,0
DA:24,0
DA:25,0
DA:26,0
DA:27,0
DA:32,0
DA:33,0
DA:39,0
DA:47,0
DA:56,0
DA:58,0
DA:62,0
DA:64,0
DA:65,0
DA:66,0
DA:68,0
DA:69,0
DA:70,0
DA:71,0
DA:73,0
DA:74,0
DA:77,0
DA:79,0
DA:81,0
DA:83,0
DA:87,0
DA:89,0
DA:90,0
DA:98,0
DA:100,0
DA:101,0
DA:109,0
DA:110,0
DA:130,0
DA:133,0
DA:137,0
DA:139,0
DA:142,0
DA:143,0
DA:154,0
DA:157,0
DA:161,0
DA:163,0
DA:166,0
DA:167,0
LF:51
LH:0
end_of_record
SF:lib\app\features\school\data\datasources\school_local_datasource.dart
DA:6,0
DA:9,0
DA:12,0
DA:15,0
DA:18,0
DA:21,0
DA:24,0
DA:27,0
DA:30,0
DA:33,0
LF:10
LH:0
end_of_record
SF:lib\app\features\school\data\models\school_model.dart
DA:9,0
DA:71,0
DA:134,0
DA:135,0
DA:136,0
DA:139,0
DA:203,0
DA:204,0
DA:205,0
DA:206,0
DA:207,0
DA:208,0
DA:209,0
DA:210,0
DA:211,0
DA:212,0
DA:214,0
DA:215,0
DA:216,0
DA:217,0
DA:218,0
DA:219,0
DA:220,0
DA:221,0
DA:222,0
DA:223,0
DA:224,0
DA:225,0
DA:226,0
DA:227,0
DA:228,0
DA:229,0
DA:230,0
DA:231,0
DA:232,0
DA:233,0
DA:234,0
DA:235,0
DA:237,0
DA:239,0
DA:240,0
DA:241,0
DA:242,0
DA:243,0
DA:244,0
DA:245,0
DA:247,0
DA:248,0
DA:250,0
DA:253,0
DA:255,0
DA:257,0
DA:258,0
DA:261,0
DA:263,0
DA:264,0
DA:265,0
DA:266,0
DA:268,0
DA:269,0
DA:271,0
DA:272,0
DA:273,0
DA:274,0
DA:275,0
DA:276,0
DA:277,0
DA:278,0
DA:283,0
DA:285,0
DA:286,0
DA:287,0
DA:288,0
DA:289,0
DA:295,0
DA:296,0
DA:297,0
DA:298,0
DA:299,0
DA:300,0
DA:301,0
DA:302,0
DA:303,0
DA:304,0
DA:305,0
DA:306,0
DA:307,0
DA:308,0
DA:309,0
DA:310,0
DA:311,0
DA:312,0
DA:313,0
DA:314,0
DA:315,0
DA:316,0
DA:317,0
DA:318,0
DA:319,0
DA:320,0
DA:321,0
DA:322,0
DA:323,0
DA:324,0
DA:325,0
DA:326,0
DA:327,0
DA:329,0
DA:330,0
DA:331,0
DA:333,0
DA:334,0
DA:335,0
DA:336,0
DA:337,0
DA:338,0
DA:339,0
DA:340,0
DA:342,0
DA:344,0
DA:345,0
DA:347,0
DA:348,0
DA:350,0
DA:351,0
DA:352,0
DA:353,0
DA:354,0
DA:355,0
DA:356,0
DA:357,0
DA:358,0
DA:359,0
DA:360,0
DA:361,0
DA:362,0
DA:363,0
DA:364,0
DA:369,0
DA:370,0
DA:372,0
DA:373,0
DA:375,0
DA:377,0
DA:379,0
DA:383,0
DA:384,0
DA:385,0
DA:386,0
DA:387,0
DA:390,0
DA:392,0
DA:394,0
DA:395,0
DA:403,0
DA:406,0
DA:407,0
DA:428,0
DA:429,0
DA:430,0
DA:435,0
DA:436,0
DA:445,0
DA:446,0
DA:450,0
LF:165
LH:0
end_of_record
SF:lib\app\features\school\data\datasources\school_remote_datasource.dart
DA:10,0
DA:16,0
DA:19,0
DA:22,0
DA:25,0
DA:29,0
DA:30,0
DA:31,0
DA:34,0
DA:39,0
DA:40,0
DA:41,0
DA:43,0
DA:47,0
DA:50,0
LF:15
LH:0
end_of_record
SF:lib\app\features\school\data\repositories\school_repository_impl.dart
DA:8,0
DA:12,0
DA:15,0
DA:18,0
DA:21,0
DA:24,0
DA:27,0
DA:31,0
DA:33,0
DA:34,0
DA:36,0
DA:41,0
DA:44,0
DA:45,0
DA:47,0
LF:15
LH:0
end_of_record
SF:lib\app\features\school\domain\usecases\edit_school_usecase.dart
DA:8,0
DA:12,0
DA:13,0
DA:21,0
LF:4
LH:0
end_of_record
SF:lib\app\features\school\domain\usecases\list_schools_usecase.dart
DA:7,0
DA:11,0
DA:12,0
LF:3
LH:0
end_of_record
SF:lib\app\features\school\domain\usecases\show_school_usecase.dart
DA:7,0
DA:11,0
DA:12,0
DA:19,0
LF:4
LH:0
end_of_record
SF:lib\app\features\school\presentation\cubit\school_cubit.dart
DA:11,0
DA:14,0
DA:20,0
DA:21,0
DA:26,0
DA:27,0
DA:28,0
DA:32,0
DA:33,0
DA:34,0
DA:38,0
DA:39,0
DA:42,0
DA:43,0
DA:48,0
DA:49,0
DA:50,0
DA:51,0
DA:52,0
DA:53,0
DA:54,0
DA:55,0
DA:56,0
DA:60,0
DA:61,0
DA:62,0
DA:64,0
DA:66,0
DA:67,0
DA:68,0
DA:69,0
DA:70,0
DA:71,0
DA:72,0
DA:78,0
DA:79,0
DA:80,0
DA:81,0
DA:82,0
DA:86,0
DA:87,0
DA:88,0
DA:89,0
DA:90,0
DA:91,0
DA:93,0
DA:94,0
DA:95,0
DA:97,0
DA:98,0
DA:99,0
DA:101,0
DA:102,0
DA:103,0
DA:104,0
DA:105,0
DA:106,0
DA:107,0
DA:109,0
DA:110,0
DA:111,0
DA:113,0
DA:114,0
DA:115,0
DA:116,0
DA:117,0
LF:66
LH:0
end_of_record
SF:lib\app\features\school\presentation\cubit\school_state.dart
DA:7,8
DA:21,0
DA:22,0
DA:26,8
DA:27,0
DA:37,0
DA:38,0
DA:48,0
DA:50,0
DA:60,8
DA:61,0
DA:71,0
DA:73,0
DA:83,0
DA:85,0
DA:95,0
DA:97,0
DA:107,0
DA:109,0
DA:119,0
DA:121,0
LF:21
LH:3
end_of_record
SF:lib\app\features\school\presentation\pages\school_edit_page.dart
DA:15,8
DA:18,0
DA:19,0
DA:34,0
DA:35,0
DA:37,0
DA:39,0
DA:40,0
DA:41,0
DA:45,0
DA:48,0
DA:50,0
DA:52,0
DA:55,0
DA:56,0
DA:57,0
DA:60,0
DA:61,0
DA:64,0
DA:65,0
DA:66,0
DA:76,0
DA:77,0
DA:78,0
DA:81,0
DA:82,0
DA:83,0
DA:84,0
DA:85,0
DA:87,0
DA:90,0
DA:91,0
DA:92,0
DA:94,0
DA:97,0
DA:98,0
DA:99,0
DA:101,0
DA:104,0
DA:105,0
DA:106,0
DA:108,0
DA:111,0
DA:112,0
DA:113,0
DA:115,0
DA:120,0
DA:121,0
DA:122,0
DA:123,0
DA:124,0
DA:126,0
DA:130,0
DA:133,0
DA:134,0
DA:135,0
DA:144,0
DA:145,0
DA:146,0
DA:157,0
DA:158,0
DA:159,0
LF:62
LH:1
end_of_record
SF:lib\app\features\school\presentation\widgets\tabs\school_adress_tab.dart
DA:6,8
DA:8,0
DA:10,0
DA:12,0
DA:13,0
DA:16,0
DA:18,0
LF:7
LH:1
end_of_record
SF:lib\app\features\school\presentation\widgets\tabs\school_educational_data_tab.dart
DA:4,8
DA:6,0
DA:8,0
DA:10,0
DA:11,0
DA:14,0
DA:16,0
LF:7
LH:1
end_of_record
SF:lib\app\features\school\presentation\widgets\tabs\school_equipments_tab.dart
DA:4,8
DA:6,0
DA:8,0
DA:10,0
DA:11,0
DA:14,0
DA:16,0
LF:7
LH:1
end_of_record
SF:lib\app\features\school\presentation\widgets\tabs\school_id_tab.dart
DA:9,8
DA:11,0
DA:13,0
DA:14,0
DA:18,0
DA:20,0
DA:21,0
DA:24,0
DA:26,0
LF:9
LH:1
end_of_record
SF:lib\app\features\school\presentation\widgets\tabs\school_structure_tab.dart
DA:4,8
DA:6,0
DA:8,0
DA:10,0
DA:11,0
DA:14,0
DA:16,0
LF:7
LH:1
end_of_record
SF:lib\app\features\school\presentation\widgets\forms\school_admin_data_form.dart
DA:6,8
DA:8,0
DA:9,0
DA:13,0
DA:18,0
DA:19,0
DA:21,0
DA:25,0
DA:27,0
DA:31,0
DA:33,0
DA:34,0
DA:36,0
DA:39,0
DA:40,0
DA:42,0
DA:45,0
DA:46,0
DA:49,0
DA:52,0
DA:56,0
DA:59,0
DA:63,0
DA:65,0
DA:69,0
DA:71,0
DA:73,0
DA:74,0
DA:75,0
DA:76,0
DA:77,0
DA:79,0
DA:80,0
DA:83,0
DA:84,0
DA:85,0
DA:87,0
DA:88,0
DA:91,0
DA:92,0
DA:93,0
DA:95,0
DA:96,0
DA:99,0
DA:100,0
DA:101,0
DA:103,0
DA:104,0
LF:48
LH:1
end_of_record
SF:lib\app\features\school\presentation\widgets\forms\school_adress_data_form.dart
DA:6,8
DA:8,0
DA:9,0
DA:13,0
DA:21,0
DA:22,0
DA:24,0
DA:28,0
DA:30,0
DA:34,0
DA:36,0
DA:39,0
DA:40,0
DA:41,0
DA:43,0
DA:45,0
DA:46,0
DA:47,0
DA:48,0
DA:49,0
DA:50,0
DA:52,0
DA:53,0
DA:57,0
DA:58,0
DA:59,0
DA:60,0
DA:62,0
DA:63,0
DA:67,0
DA:68,0
DA:69,0
DA:70,0
DA:72,0
DA:73,0
DA:77,0
DA:78,0
DA:79,0
DA:80,0
DA:82,0
DA:83,0
DA:87,0
DA:88,0
DA:89,0
DA:90,0
DA:92,0
DA:93,0
LF:47
LH:1
end_of_record
SF:lib\app\features\school\presentation\widgets\forms\school_basic_data_form.dart
DA:10,8
DA:12,0
DA:13,0
DA:19,0
DA:24,0
DA:25,0
DA:27,0
DA:32,0
DA:34,0
DA:36,0
DA:41,0
DA:42,0
DA:44,0
DA:45,0
DA:47,0
DA:48,0
DA:50,0
DA:51,0
DA:53,0
DA:54,0
DA:56,0
DA:57,0
DA:60,0
DA:61,0
DA:63,0
DA:67,0
DA:68,0
DA:71,0
DA:75,0
DA:76,0
DA:78,0
DA:82,0
DA:83,0
DA:86,0
DA:88,0
DA:89,0
DA:90,0
DA:91,0
DA:92,0
DA:93,0
DA:94,0
DA:95,0
DA:96,0
DA:98,0
DA:99,0
DA:100,0
DA:105,0
DA:106,0
DA:107,0
DA:109,0
DA:110,0
DA:113,0
DA:114,0
DA:115,0
DA:117,0
DA:118,0
DA:119,0
DA:122,0
DA:123,0
DA:124,0
DA:125,0
DA:128,0
DA:129,0
DA:130,0
LF:64
LH:1
end_of_record
SF:lib\app\features\school\presentation\widgets\forms\school_bodies_affiliated_data_form.dart
DA:5,8
DA:7,0
DA:9,0
DA:14,0
DA:22,0
DA:23,0
DA:25,0
DA:27,0
DA:28,0
LF:9
LH:1
end_of_record
SF:lib\app\features\school\presentation\widgets\forms\school_body_regulation_sphere_data_form.dart
DA:5,8
DA:7,0
DA:9,0
DA:17,0
DA:25,0
DA:26,0
DA:55,0
DA:57,0
DA:58,0
LF:9
LH:1
end_of_record
SF:lib\app\features\school\presentation\widgets\forms\school_contact_data_form.dart
DA:7,8
DA:9,0
DA:10,0
DA:14,0
DA:22,0
DA:23,0
DA:25,0
DA:29,0
DA:30,0
DA:31,0
DA:34,0
DA:38,0
DA:40,0
DA:44,0
DA:45,0
DA:46,0
DA:49,0
DA:54,0
DA:56,0
DA:57,0
DA:58,0
DA:59,0
DA:60,0
DA:62,0
DA:63,0
DA:66,0
DA:67,0
DA:68,0
DA:70,0
DA:71,0
LF:30
LH:1
end_of_record
SF:lib\app\features\school\presentation\widgets\forms\school_others_data_form.dart
DA:6,8
DA:8,0
DA:9,0
DA:13,0
DA:21,0
DA:22,0
DA:24,0
DA:27,0
DA:28,0
DA:29,0
DA:31,0
DA:35,0
DA:37,0
DA:39,0
DA:40,0
DA:41,0
DA:42,0
DA:43,0
DA:45,0
DA:46,0
LF:20
LH:1
end_of_record
SF:lib\app\features\school\presentation\widgets\tabs\school_reports_tab.dart
DA:4,0
DA:6,0
DA:8,0
DA:10,0
DA:11,0
DA:14,0
DA:16,0
LF:7
LH:0
end_of_record
SF:lib\app\features\student\data\datasources\remote\classroom_remote_datasource.dart
DA:7,0
DA:13,0
DA:14,0
DA:15,0
DA:18,0
DA:21,0
DA:22,0
LF:7
LH:0
end_of_record
SF:lib\app\features\student\data\models\classroom_model.dart
DA:6,0
DA:9,0
DA:11,0
DA:15,0
DA:16,0
DA:17,0
DA:21,0
DA:22,0
DA:23,0
DA:24,0
DA:28,0
DA:29,0
DA:30,0
DA:31,0
DA:35,0
DA:37,0
DA:38,0
DA:40,0
DA:41,0
DA:43,0
DA:47,0
DA:50,0
DA:51,0
LF:23
LH:0
end_of_record
SF:lib\app\features\student\data\datasources\remote\student_doc_address_remote_datasource.dart
DA:8,0
DA:14,0
DA:15,0
DA:16,0
DA:19,0
DA:20,0
DA:21,0
DA:22,0
DA:27,0
DA:28,0
DA:29,0
DA:32,0
DA:35,0
DA:36,0
DA:37,0
DA:39,0
DA:42,0
DA:45,0
DA:46,0
DA:49,0
DA:54,0
DA:58,0
DA:59,0
DA:62,0
LF:24
LH:0
end_of_record
SF:lib\app\features\student\data\datasources\remote\student_enrollment_remote_datasource.dart
DA:8,0
DA:14,0
DA:15,0
DA:16,0
DA:19,0
DA:24,0
DA:25,0
DA:26,0
DA:29,0
DA:32,0
DA:33,0
DA:35,0
DA:38,0
DA:39,0
DA:40,0
DA:43,0
DA:48,0
DA:52,0
DA:53,0
DA:58,0
LF:20
LH:0
end_of_record
SF:lib\app\features\student\data\datasources\remote\student_remote_datasource.dart
DA:9,0
DA:15,0
DA:16,0
DA:17,0
DA:20,0
DA:23,0
DA:24,0
DA:29,0
DA:30,0
DA:31,0
DA:34,0
DA:39,0
DA:40,0
DA:41,0
DA:44,0
DA:49,0
DA:50,0
DA:51,0
DA:54,0
DA:59,0
DA:60,0
DA:61,0
DA:64,0
LF:23
LH:0
end_of_record
SF:lib\app\features\student\data\repositories\classroom_repository_impl.dart
DA:9,0
DA:14,0
DA:18,0
DA:20,0
DA:22,0
DA:24,0
LF:6
LH:0
end_of_record
SF:lib\app\features\student\data\repositories\student_docs_addrs_repository_impl.dart
DA:9,0
DA:16,0
DA:19,0
DA:20,0
DA:22,0
DA:27,0
DA:30,0
DA:31,0
DA:33,0
DA:35,0
DA:40,0
DA:45,0
DA:47,0
DA:50,0
DA:52,0
LF:15
LH:0
end_of_record
SF:lib\app\features\student\data\repositories\student_enrollment_repository_impl.dart
DA:9,0
DA:16,0
DA:18,0
DA:19,0
DA:21,0
DA:26,0
DA:30,0
DA:33,0
DA:35,0
DA:36,0
DA:41,0
DA:44,0
DA:45,0
DA:48,0
DA:50,0
DA:55,0
DA:58,0
DA:60,0
DA:63,0
DA:65,0
LF:20
LH:0
end_of_record
SF:lib\app\features\student\data\repositories\student_repository_impl.dart
DA:9,0
DA:16,0
DA:19,0
DA:21,0
DA:23,0
DA:24,0
DA:25,0
DA:31,0
DA:36,0
DA:37,0
[...]
DA:30,0
DA:33,0
DA:36,0
DA:38,0
DA:40,0
DA:42,0
DA:43,0
DA:46,0
DA:47,0
DA:48,0
DA:49,0
DA:50,0
DA:51,0
DA:58,0
DA:59,0
DA:61,0
DA:62,0
DA:65,0
DA:66,0
DA:68,0
DA:69,0
DA:71,0
DA:93,0
DA:94,0
DA:106,8
DA:108,0
DA:110,0
DA:112,0
DA:114,0
DA:116,0
DA:117,0
DA:118,0
DA:119,0
DA:120,0
DA:122,0
DA:124,0
DA:125,0
DA:137,0
DA:143,0
DA:145,0
DA:146,0
DA:147,0
DA:148,0
DA:149,0
DA:150,0
DA:151,0
DA:156,0
DA:157,0
DA:162,0
DA:165,0
DA:166,0
DA:168,0
DA:173,0
DA:179,0
DA:182,0
DA:185,0
DA:188,0
DA:189,0
DA:192,0
DA:196,0
DA:198,0
DA:200,0
LF:68
LH:2
end_of_record
SF:lib\app\features\teacher\data\datasources\remote\teacher_remote_datasource.dart
DA:8,0
DA:14,0
DA:15,0
DA:16,0
DA:19,0
DA:21,0
DA:23,0
DA:26,0
DA:27,0
DA:28,0
DA:31,0
DA:34,0
DA:35,0
DA:36,0
DA:39,0
DA:44,0
DA:45,0
DA:46,0
DA:49,0
LF:19
LH:0
end_of_record
SF:lib\app\features\teacher\domain\entities\instructor.dart
DA:83,0
LF:1
LH:0
end_of_record
SF:lib\app\features\teacher\data\repositories\teacher_repository_impl.dart
DA:10,0
DA:15,0
DA:17,0
DA:19,0
DA:21,0
DA:23,0
DA:24,0
DA:29,0
DA:31,0
DA:33,0
DA:35,0
DA:40,0
DA:42,0
DA:43,0
DA:44,0
DA:46,0
DA:47,0
DA:52,0
DA:55,0
DA:56,0
DA:57,0
DA:59,0
DA:60,0
LF:23
LH:0
end_of_record
SF:lib\app\features\teacher\domain\enums\color_race_enum.dart
DA:1,8
DA:11,0
DA:12,0
DA:15,0
DA:17,0
DA:19,0
DA:21,0
DA:23,0
DA:25,0
DA:27,0
LF:10
LH:1
end_of_record
SF:lib\app\features\teacher\domain\enums\filliation_type_enum.dart
DA:1,8
DA:7,0
DA:8,0
DA:11,0
DA:13,0
DA:15,0
LF:6
LH:1
end_of_record
SF:lib\app\features\teacher\domain\enums\nationality_enum.dart
DA:1,8
DA:8,0
DA:9,0
DA:12,0
DA:14,0
DA:16,0
DA:18,0
LF:7
LH:1
end_of_record
SF:lib\app\features\teacher\domain\enums\scholarity_enum.dart
DA:1,8
DA:13,0
DA:14,0
DA:17,0
DA:19,0
DA:21,0
DA:23,0
DA:25,0
DA:27,0
DA:29,0
DA:31,0
DA:33,0
LF:12
LH:1
end_of_record
SF:lib\app\features\teacher\domain\enums\sex_enum.dart
DA:1,8
DA:7,0
DA:8,0
DA:11,0
DA:13,0
DA:15,0
LF:6
LH:1
end_of_record
SF:lib\app\features\teacher\domain\usecases\create_instructor_usecase.dart
DA:9,0
DA:14,0
DA:17,0
DA:18,0
DA:19,0
DA:20,0
DA:21,0
DA:23,0
DA:25,0
DA:26,0
DA:27,0
DA:28,0
DA:29,0
DA:30,0
DA:31,0
DA:32,0
DA:33,0
DA:34,0
DA:35,0
DA:36,0
DA:37,0
DA:38,0
DA:39,0
DA:40,0
DA:41,0
DA:42,0
DA:43,0
DA:44,0
DA:45,0
DA:46,0
DA:47,0
DA:50,0
DA:51,0
DA:52,0
DA:53,0
DA:54,0
DA:55,0
DA:58,0
DA:59,0
DA:60,0
DA:62,0
DA:63,0
DA:64,0
DA:65,0
DA:66,0
DA:67,0
DA:68,0
DA:70,0
DA:71,0
DA:73,0
DA:75,0
DA:76,0
DA:77,0
DA:78,0
DA:79,0
DA:80,0
DA:81,0
DA:84,0
DA:167,0
LF:59
LH:0
end_of_record
SF:lib\app\features\teacher\domain\usecases\get_teachers_usecase.dart
DA:9,0
DA:14,0
DA:15,0
DA:23,0
LF:4
LH:0
end_of_record
SF:lib\app\features\teacher\domain\usecases\list_teachers_usecase.dart
DA:8,0
DA:13,0
DA:14,0
LF:3
LH:0
end_of_record
SF:lib\app\features\teacher\domain\usecases\update_instructor_usecase.dart
DA:9,0
DA:14,0
DA:17,0
DA:18,0
DA:19,0
DA:20,0
DA:21,0
DA:23,0
DA:25,0
DA:26,0
DA:27,0
DA:28,0
DA:29,0
DA:30,0
DA:31,0
DA:32,0
DA:33,0
DA:34,0
DA:35,0
DA:36,0
DA:37,0
DA:38,0
DA:39,0
DA:40,0
DA:41,0
DA:42,0
DA:43,0
DA:44,0
DA:45,0
DA:46,0
DA:47,0
DA:50,0
DA:51,0
DA:52,0
DA:53,0
DA:54,0
DA:55,0
DA:58,0
DA:59,0
DA:60,0
DA:62,0
DA:63,0
DA:64,0
DA:65,0
DA:66,0
DA:67,0
DA:68,0
DA:70,0
DA:71,0
DA:73,0
DA:75,0
DA:76,0
DA:77,0
DA:78,0
DA:79,0
DA:80,0
DA:81,0
DA:84,0
DA:167,0
LF:59
LH:0
end_of_record
SF:lib\app\features\teacher\presentation\create\bloc\create_instructor_bloc.dart
DA:15,0
DA:19,0
DA:27,0
DA:28,0
DA:31,0
DA:32,0
DA:33,0
DA:34,0
DA:37,0
DA:38,0
DA:39,0
DA:40,0
DA:43,0
DA:44,0
DA:47,0
DA:48,0
DA:49,0
DA:50,0
DA:52,0
DA:54,0
DA:56,0
DA:57,0
DA:59,0
DA:60,0
DA:61,0
DA:62,0
DA:63,0
DA:64,0
DA:65,0
DA:66,0
DA:67,0
DA:68,0
DA:69,0
DA:70,0
DA:71,0
DA:72,0
DA:73,0
DA:74,0
DA:75,0
DA:76,0
DA:77,0
DA:78,0
DA:80,0
DA:81,0
DA:82,0
DA:83,0
DA:84,0
DA:85,0
DA:87,0
DA:88,0
DA:89,0
DA:91,0
DA:92,0
DA:94,0
DA:96,0
DA:97,0
DA:98,0
DA:99,0
DA:101,0
DA:102,0
DA:104,0
DA:106,0
DA:107,0
DA:108,0
DA:109,0
DA:110,0
DA:111,0
DA:112,0
DA:114,0
DA:117,0
DA:118,0
DA:120,0
DA:121,0
DA:122,0
DA:124,0
DA:126,0
DA:128,0
DA:129,0
DA:130,0
DA:131,0
DA:132,0
DA:133,0
DA:134,0
DA:135,0
DA:136,0
DA:137,0
DA:138,0
DA:139,0
DA:140,0
DA:141,0
DA:142,0
DA:143,0
DA:144,0
DA:145,0
DA:146,0
DA:147,0
DA:148,0
DA:149,0
DA:152,0
DA:155,0
DA:156,0
DA:158,0
DA:159,0
DA:160,0
DA:161,0
DA:162,0
DA:163,0
DA:164,0
DA:165,0
DA:168,0
DA:171,0
DA:172,0
DA:174,0
DA:175,0
DA:176,0
DA:178,0
DA:179,0
DA:181,0
DA:183,0
DA:184,0
DA:185,0
DA:186,0
DA:188,0
DA:189,0
DA:191,0
DA:193,0
DA:194,0
DA:195,0
DA:196,0
DA:197,0
DA:198,0
DA:199,0
DA:202,0
DA:205,0
DA:206,0
DA:207,0
DA:208,0
DA:209,0
DA:210,0
DA:214,0
DA:215,0
DA:216,0
DA:217,0
DA:218,0
DA:223,0
DA:224,0
DA:226,0
DA:227,0
DA:228,0
DA:229,0
DA:230,0
DA:232,0
DA:234,0
DA:235,0
DA:236,0
DA:237,0
DA:238,0
DA:239,0
DA:240,0
DA:241,0
DA:242,0
DA:243,0
DA:244,0
DA:245,0
DA:247,0
DA:248,0
DA:249,0
DA:250,0
DA:251,0
DA:253,0
DA:254,0
DA:255,0
DA:256,0
DA:259,0
DA:260,0
DA:261,0
DA:262,0
DA:263,0
DA:264,0
DA:267,0
DA:268,0
DA:269,0
DA:271,0
DA:272,0
DA:273,0
DA:274,0
DA:275,0
DA:276,0
DA:277,0
DA:279,0
DA:280,0
DA:282,0
DA:284,0
DA:285,0
DA:286,0
DA:287,0
DA:288,0
DA:289,0
DA:290,0
DA:293,0
DA:295,0
DA:296,0
DA:297,0
DA:298,0
DA:303,0
DA:304,0
DA:305,0
DA:306,0
DA:307,0
DA:312,0
DA:313,0
DA:315,0
DA:316,0
DA:317,0
DA:318,0
DA:319,0
DA:320,0
DA:322,0
DA:324,0
DA:325,0
DA:326,0
DA:327,0
DA:328,0
DA:329,0
DA:330,0
DA:331,0
DA:332,0
DA:333,0
DA:334,0
DA:335,0
DA:337,0
DA:338,0
DA:339,0
DA:340,0
DA:341,0
DA:343,0
DA:344,0
DA:345,0
DA:346,0
DA:349,0
DA:350,0
DA:351,0
DA:352,0
DA:353,0
DA:354,0
DA:357,0
DA:358,0
DA:359,0
DA:361,0
DA:362,0
DA:363,0
DA:364,0
DA:365,0
DA:366,0
DA:367,0
DA:369,0
DA:370,0
DA:372,0
DA:374,0
DA:375,0
DA:376,0
DA:377,0
DA:378,0
DA:379,0
DA:380,0
DA:383,0
DA:385,0
DA:386,0
DA:387,0
DA:388,0
LF:270
LH:0
end_of_record
SF:lib\app\features\teacher\presentation\create\pages\address\bloc\instructor_address_states.dart
DA:17,8
DA:30,0
DA:32,0
DA:33,0
DA:34,0
DA:35,0
DA:36,0
DA:37,0
DA:38,0
DA:39,0
DA:40,0
DA:41,0
DA:42,0
DA:46,0
DA:63,0
DA:64,0
DA:65,0
DA:66,0
DA:67,0
DA:68,0
DA:69,0
DA:70,0
DA:71,0
DA:72,0
DA:73,0
DA:79,8
DA:80,0
LF:27
LH:2
end_of_record
SF:lib\app\features\teacher\presentation\create\pages\education\bloc\instructor_education_states.dart
DA:4,8
DA:84,0
DA:86,0
DA:87,0
DA:88,0
DA:89,0
DA:90,0
DA:91,0
DA:92,0
DA:93,0
DA:94,0
DA:95,0
DA:96,0
DA:97,0
DA:98,0
DA:99,0
DA:100,0
DA:101,0
DA:102,0
DA:103,0
DA:104,0
DA:105,0
DA:106,0
DA:107,0
DA:108,0
DA:109,0
DA:110,0
DA:111,0
DA:112,0
DA:113,0
DA:114,0
DA:115,0
DA:116,0
DA:117,0
DA:118,0
DA:119,0
DA:120,0
DA:121,0
DA:122,0
DA:123,0
DA:124,0
DA:128,0
DA:168,0
DA:169,0
DA:170,0
DA:172,0
DA:174,0
DA:176,0
DA:178,0
DA:180,0
DA:182,0
DA:184,0
DA:186,0
DA:189,0
DA:191,0
DA:194,0
DA:197,0
DA:199,0
DA:200,0
DA:201,0
DA:203,0
DA:204,0
DA:206,0
DA:208,0
DA:210,0
DA:212,0
DA:214,0
DA:216,0
DA:218,0
DA:220,0
DA:222,0
DA:224,0
DA:226,0
DA:228,0
DA:230,0
DA:232,0
DA:234,0
DA:236,0
DA:238,0
DA:240,0
DA:242,0
DA:248,8
LF:82
LH:2
end_of_record
SF:lib\app\features\teacher\presentation\create\pages\personal\bloc\instructor_personal_states.dart
DA:32,8
DA:62,0
DA:64,0
DA:65,0
DA:66,0
DA:67,0
DA:68,0
DA:69,0
DA:70,0
DA:71,0
DA:72,0
DA:73,0
DA:74,0
DA:75,0
DA:76,0
DA:77,0
DA:78,0
DA:79,0
DA:80,0
DA:81,0
DA:82,0
DA:83,0
DA:84,0
DA:85,0
DA:86,0
DA:87,0
DA:88,0
DA:89,0
DA:90,0
DA:91,0
DA:95,0
DA:124,0
DA:125,0
DA:126,0
DA:127,0
DA:129,0
DA:132,0
DA:134,0
DA:136,0
DA:138,0
DA:140,0
DA:142,0
DA:144,0
DA:145,0
DA:146,0
DA:147,0
DA:148,0
DA:149,0
DA:150,0
DA:151,0
DA:152,0
DA:153,0
DA:154,0
DA:155,0
DA:156,0
DA:157,0
DA:158,0
DA:159,0
DA:160,0
DA:166,8
LF:60
LH:2
end_of_record
SF:lib\app\features\teacher\presentation\create\bloc\instructor_states.dart
DA:3,8
DA:87,8
DA:171,0
DA:173,0
DA:174,0
DA:175,0
DA:176,0
DA:177,0
DA:178,0
DA:179,0
DA:180,0
DA:181,0
DA:182,0
DA:183,0
DA:184,0
DA:185,0
DA:186,0
DA:187,0
DA:188,0
DA:189,0
DA:190,0
DA:191,0
DA:192,0
DA:193,0
DA:194,0
DA:195,0
DA:196,0
DA:197,0
DA:198,0
DA:199,0
DA:200,0
DA:201,0
DA:202,0
DA:203,0
DA:204,0
DA:205,0
DA:206,0
DA:207,0
DA:208,0
DA:209,0
DA:210,0
DA:211,0
DA:212,0
DA:213,0
DA:214,0
DA:215,0
DA:216,0
DA:217,0
DA:218,0
DA:219,0
DA:220,0
DA:221,0
DA:222,0
DA:223,0
DA:224,0
DA:225,0
DA:226,0
DA:227,0
DA:228,0
DA:229,0
DA:230,0
DA:231,0
DA:232,0
DA:233,0
DA:234,0
DA:235,0
DA:236,0
DA:237,0
DA:238,0
DA:239,0
DA:240,0
DA:241,0
DA:242,0
DA:243,0
DA:244,0
DA:245,0
DA:246,0
DA:247,0
DA:248,0
DA:249,0
DA:250,0
DA:251,0
DA:252,0
DA:253,0
DA:254,0
DA:258,0
DA:341,0
DA:342,0
DA:343,0
DA:344,0
DA:345,0
DA:346,0
DA:347,0
DA:348,0
DA:349,0
DA:350,0
DA:351,0
DA:352,0
DA:353,0
DA:354,0
DA:355,0
DA:356,0
DA:358,0
DA:360,0
DA:362,0
DA:364,0
DA:366,0
DA:368,0
DA:370,0
DA:372,0
DA:375,0
DA:377,0
DA:380,0
DA:383,0
DA:385,0
DA:386,0
DA:387,0
DA:389,0
DA:390,0
DA:392,0
DA:394,0
DA:396,0
DA:398,0
DA:400,0
DA:402,0
DA:404,0
DA:406,0
DA:408,0
DA:410,0
DA:412,0
DA:414,0
DA:416,0
DA:418,0
DA:420,0
DA:422,0
DA:424,0
DA:426,0
DA:428,0
DA:429,0
DA:430,0
DA:431,0
DA:433,0
DA:436,0
DA:438,0
DA:440,0
DA:442,0
DA:444,0
DA:446,0
DA:448,0
DA:449,0
DA:450,0
DA:451,0
DA:452,0
DA:453,0
DA:454,0
DA:455,0
DA:456,0
DA:457,0
DA:458,0
DA:459,0
DA:460,0
DA:461,0
DA:462,0
DA:463,0
DA:464,0
DA:465,0
DA:466,0
DA:467,0
DA:473,8
DA:474,0
DA:475,0
DA:480,0
DA:482,0
DA:484,0
DA:485,0
DA:490,0
DA:492,0
DA:494,0
DA:495,0
LF:179
LH:3
end_of_record
SF:lib\app\features\teacher\presentation\create\create_instructor_module.dart
DA:63,0
DA:65,0
DA:66,0
LF:3
LH:0
end_of_record
SF:lib\app\features\teacher\presentation\create\pages\create_instructor_page.dart
DA:18,8
DA:22,0
DA:27,0
DA:28,0
DA:48,0
DA:50,0
DA:52,0
DA:53,0
DA:54,0
DA:56,0
DA:60,0
DA:63,0
DA:65,0
DA:66,0
DA:67,0
DA:69,0
DA:71,0
DA:72,0
DA:73,0
DA:78,0
DA:81,0
DA:82,0
DA:83,0
DA:84,0
DA:87,0
DA:88,0
DA:89,0
DA:90,0
DA:91,0
DA:93,0
DA:97,0
DA:98,0
DA:99,0
DA:101,0
DA:106,0
DA:107,0
DA:108,0
DA:109,0
DA:111,0
DA:120,0
DA:121,0
DA:122,0
DA:123,0
DA:124,0
DA:125,0
DA:127,0
DA:128,0
DA:130,0
DA:131,0
DA:137,0
DA:138,0
DA:139,0
DA:140,0
DA:141,0
DA:142,0
DA:144,0
DA:145,0
DA:147,0
DA:148,0
DA:154,0
DA:156,0
DA:157,0
DA:158,0
LF:63
LH:1
end_of_record
SF:lib\app\features\teacher\presentation\create\pages\education\bloc\instructor_education_bloc.dart
DA:11,0
DA:15,0
DA:16,0
DA:17,0
DA:18,0
DA:19,0
DA:20,0
DA:21,0
DA:22,0
DA:23,0
DA:24,0
DA:25,0
DA:26,0
DA:27,0
DA:28,0
DA:29,0
DA:30,0
DA:31,0
DA:32,0
DA:33,0
DA:34,0
DA:35,0
DA:36,0
DA:37,0
DA:38,0
DA:39,0
DA:40,0
DA:41,0
DA:42,0
DA:43,0
DA:44,0
DA:45,0
DA:46,0
DA:47,0
DA:48,0
DA:49,0
DA:50,0
DA:51,0
DA:52,0
DA:53,0
DA:54,0
DA:55,0
DA:56,0
DA:57,0
DA:58,0
DA:59,0
DA:60,0
DA:61,0
DA:62,0
DA:63,0
DA:64,0
DA:65,0
DA:66,0
DA:67,0
DA:68,0
DA:69,0
DA:70,0
DA:71,0
DA:72,0
DA:73,0
DA:74,0
DA:75,0
DA:76,0
DA:77,0
DA:78,0
DA:79,0
DA:80,0
DA:81,0
DA:82,0
DA:83,0
DA:84,0
DA:85,0
DA:86,0
DA:87,0
DA:88,0
DA:89,0
DA:90,0
DA:92,0
DA:93,0
DA:94,0
DA:95,0
DA:96,0
DA:98,0
DA:99,0
DA:101,0
DA:103,0
DA:104,0
DA:105,0
DA:106,0
DA:108,0
DA:109,0
DA:111,0
DA:113,0
DA:114,0
DA:115,0
DA:116,0
DA:117,0
DA:118,0
DA:119,0
DA:121,0
DA:122,0
DA:123,0
DA:124,0
DA:125,0
DA:126,0
DA:128,0
DA:129,0
DA:130,0
DA:131,0
DA:132,0
DA:133,0
DA:135,0
DA:136,0
DA:137,0
DA:138,0
DA:139,0
DA:140,0
DA:143,0
DA:146,0
DA:147,0
DA:148,0
DA:149,0
DA:152,0
DA:153,0
DA:154,0
DA:155,0
DA:158,0
DA:159,0
DA:160,0
LF:129
LH:0
end_of_record
SF:lib\app\features\teacher\presentation\create\pages\update_instructor_page.dart
DA:20,0
DA:25,0
DA:31,0
DA:32,0
DA:38,0
DA:54,0
DA:56,0
DA:57,0
DA:58,0
DA:59,0
DA:63,0
DA:65,0
DA:68,0
DA:71,0
DA:73,0
DA:74,0
DA:75,0
DA:76,0
DA:77,0
DA:78,0
DA:79,0
DA:81,0
DA:85,0
DA:86,0
DA:87,0
DA:89,0
DA:94,0
DA:95,0
DA:96,0
DA:98,0
DA:99,0
DA:100,0
DA:103,0
DA:105,0
DA:107,0
DA:109,0
DA:110,0
DA:111,0
DA:116,0
DA:117,0
DA:119,0
DA:120,0
DA:123,0
DA:124,0
DA:125,0
DA:126,0
DA:127,0
DA:130,0
DA:131,0
DA:132,0
DA:133,0
DA:135,0
DA:137,0
DA:139,0
DA:141,0
DA:143,0
DA:154,0
DA:156,0
DA:157,0
DA:158,0
DA:159,0
LF:61
LH:0
end_of_record
SF:lib\app\features\teacher\presentation\create\pages\address\bloc\instructor_address_bloc.dart
DA:13,0
DA:16,0
DA:23,0
DA:24,0
DA:25,0
DA:26,0
DA:28,0
DA:30,0
DA:31,0
DA:33,0
DA:34,0
DA:35,0
DA:37,0
DA:38,0
DA:39,0
DA:42,0
DA:43,0
DA:44,0
DA:45,0
DA:47,0
DA:48,0
DA:49,0
DA:51,0
DA:56,0
DA:60,0
DA:61,0
DA:62,0
DA:63,0
DA:64,0
DA:66,0
DA:68,0
DA:73,0
DA:74,0
DA:79,0
DA:80,0
DA:81,0
DA:82,0
DA:83,0
DA:84,0
DA:85,0
DA:86,0
DA:87,0
DA:88,0
DA:89,0
DA:92,0
DA:95,0
DA:96,0
DA:97,0
DA:100,0
DA:101,0
DA:102,0
LF:51
LH:0
end_of_record
SF:lib\app\features\teacher\presentation\create\pages\personal\bloc\instructor_personal_bloc.dart
DA:16,0
DA:22,0
DA:28,0
DA:34,0
DA:40,0
DA:46,0
DA:50,0
DA:51,0
DA:52,0
DA:53,0
DA:54,0
DA:55,0
DA:56,0
DA:57,0
DA:58,0
DA:59,0
DA:60,0
DA:61,0
DA:62,0
DA:63,0
DA:64,0
DA:66,0
DA:67,0
DA:69,0
DA:71,0
DA:73,0
DA:74,0
DA:75,0
DA:78,0
DA:81,0
DA:82,0
DA:83,0
DA:84,0
DA:85,0
DA:86,0
DA:87,0
DA:88,0
DA:89,0
DA:101,0
DA:103,0
DA:105,0
DA:121,0
DA:122,0
DA:123,0
DA:124,0
DA:125,0
DA:126,0
DA:127,0
DA:128,0
DA:129,0
DA:130,0
DA:131,0
DA:132,0
DA:134,0
DA:136,0
DA:138,0
DA:139,0
DA:141,0
DA:142,0
DA:144,0
DA:145,0
DA:147,0
DA:148,0
DA:149,0
DA:151,0
DA:154,0
DA:155,0
DA:156,0
LF:68
LH:0
end_of_record
SF:lib\app\features\teacher\presentation\create\pages\address\address_social_form_partial_page.dart
DA:14,0
DA:18,0
DA:23,0
DA:24,0
DA:31,0
DA:33,0
DA:34,0
DA:35,0
DA:36,0
DA:38,0
DA:41,0
DA:43,0
DA:45,0
DA:46,0
DA:47,0
DA:48,0
DA:49,0
DA:51,0
DA:52,0
DA:53,0
DA:55,0
DA:64,0
DA:65,0
DA:66,0
DA:68,0
DA:69,0
DA:70,0
DA:73,0
DA:74,0
DA:75,0
DA:76,0
DA:79,0
DA:81,0
DA:82,0
DA:83,0
DA:89,0
DA:90,0
DA:91,0
DA:93,0
DA:94,0
DA:95,0
DA:101,0
DA:102,0
DA:103,0
DA:105,0
DA:106,0
DA:107,0
DA:110,0
DA:112,0
DA:113,0
DA:114,0
DA:120,0
DA:121,0
DA:122,0
DA:124,0
DA:125,0
DA:126,0
DA:131,0
DA:132,0
DA:133,0
DA:135,0
DA:136,0
DA:137,0
DA:142,0
DA:144,0
DA:146,0
DA:147,0
DA:149,0
DA:154,0
DA:158,0
DA:159,0
DA:160,0
DA:179,0
DA:183,0
DA:188,0
DA:190,0
DA:194,0
DA:195,0
DA:196,0
DA:197,0
DA:198,0
DA:199,0
DA:206,0
DA:210,0
DA:215,0
DA:217,0
DA:221,0
DA:222,0
DA:223,0
DA:224,0
DA:230,0
DA:234,0
DA:239,0
DA:241,0
DA:245,0
DA:246,0
DA:247,0
DA:248,0
DA:254,0
DA:258,0
DA:263,0
DA:265,0
DA:269,0
DA:270,0
DA:276,0
DA:280,0
DA:285,0
DA:287,0
DA:291,0
DA:292,0
DA:298,0
DA:302,0
DA:307,0
DA:309,0
DA:313,0
DA:314,0
DA:320,0
DA:324,0
DA:329,0
DA:331,0
DA:335,0
DA:336,0
DA:342,0
DA:346,0
DA:351,0
DA:353,0
DA:356,0
DA:357,0
LF:128
LH:0
end_of_record
SF:lib\app\features\teacher\presentation\create\pages\education\instructor_education_form_page.dart
DA:12,0
DA:16,0
DA:21,0
DA:22,0
DA:29,0
DA:31,0
DA:32,0
DA:33,0
DA:36,0
DA:39,0
DA:41,0
DA:44,0
DA:51,0
DA:53,0
DA:54,0
DA:55,0
DA:56,0
DA:57,0
DA:59,0
DA:60,0
DA:61,0
DA:63,0
DA:72,0
DA:73,0
DA:80,0
DA:81,0
DA:84,0
DA:86,0
DA:88,0
DA:89,0
DA:91,0
DA:96,0
DA:98,0
DA:114,0
DA:115,0
DA:119,0
DA:120,0
DA:122,0
DA:123,0
DA:129,0
DA:133,0
DA:138,0
DA:140,0
DA:141,0
DA:142,0
DA:144,0
DA:145,0
DA:147,0
DA:149,0
DA:150,0
DA:152,0
DA:154,0
DA:155,0
DA:163,0
DA:167,0
DA:172,0
DA:174,0
DA:175,0
DA:176,0
DA:177,0
DA:178,0
DA:179,0
DA:181,0
DA:182,0
DA:184,0
DA:186,0
DA:187,0
DA:189,0
DA:191,0
DA:192,0
DA:194,0
DA:196,0
DA:197,0
DA:199,0
DA:201,0
DA:202,0
DA:204,0
DA:206,0
DA:207,0
DA:209,0
DA:211,0
DA:212,0
DA:214,0
DA:218,0
DA:219,0
DA:224,0
DA:225,0
DA:226,0
DA:227,0
DA:229,0
DA:230,0
DA:232,0
DA:234,0
DA:235,0
DA:237,0
DA:239,0
DA:240,0
DA:242,0
DA:244,0
DA:245,0
DA:247,0
DA:249,0
DA:250,0
DA:252,0
DA:254,0
DA:255,0
DA:257,0
DA:259,0
DA:260,0
LF:109
LH:0
end_of_record
SF:lib\app\features\teacher\presentation\create\pages\personal\personal_form_partial_page.dart
DA:14,0
DA:18,0
DA:23,0
DA:24,0
DA:31,0
DA:33,0
DA:34,0
DA:35,0
DA:37,0
DA:40,0
DA:42,0
DA:43,0
DA:44,0
DA:46,0
DA:49,0
DA:60,0
DA:62,0
DA:63,0
DA:64,0
DA:65,0
DA:66,0
DA:67,0
DA:68,0
DA:70,0
DA:72,0
DA:77,0
DA:78,0
DA:79,0
DA:80,0
DA:81,0
DA:82,0
DA:85,0
DA:86,0
DA:87,0
DA:88,0
DA:93,0
DA:94,0
DA:95,0
DA:96,0
DA:97,0
DA:98,0
DA:101,0
DA:102,0
DA:103,0
DA:104,0
DA:109,0
DA:110,0
DA:111,0
DA:112,0
DA:113,0
DA:115,0
DA:116,0
DA:117,0
DA:118,0
DA:121,0
DA:122,0
DA:123,0
DA:124,0
DA:125,0
DA:128,0
DA:129,0
DA:131,0
DA:134,0
DA:135,0
DA:136,0
DA:137,0
DA:138,0
DA:147,0
DA:148,0
DA:149,0
DA:150,0
DA:155,0
DA:157,0
DA:159,0
DA:160,0
DA:162,0
DA:167,0
DA:171,0
DA:172,0
DA:173,0
DA:192,0
DA:196,0
DA:200,0
DA:202,0
DA:206,0
DA:207,0
DA:208,0
DA:209,0
DA:215,0
DA:219,0
DA:224,0
DA:226,0
DA:230,0
DA:231,0
DA:232,0
DA:233,0
DA:239,0
DA:243,0
DA:248,0
DA:250,0
DA:254,0
DA:255,0
DA:256,0
DA:257,0
DA:263,0
DA:267,0
DA:271,0
DA:273,0
DA:277,0
DA:278,0
DA:279,0
DA:280,0
DA:286,0
DA:290,0
DA:295,0
DA:297,0
DA:301,0
DA:302,0
DA:304,0
DA:305,0
DA:306,0
DA:313,0
DA:317,0
DA:322,0
DA:324,0
DA:328,0
DA:329,0
DA:331,0
DA:332,0
DA:333,0
DA:334,0
DA:341,0
DA:345,0
DA:350,0
DA:352,0
DA:356,0
DA:357,0
DA:359,0
DA:360,0
DA:361,0
DA:368,0
DA:372,0
DA:377,0
DA:379,0
DA:383,0
DA:384,0
DA:385,0
DA:387,0
DA:388,0
DA:389,0
DA:396,0
DA:400,0
DA:405,0
DA:407,0
DA:410,0
DA:411,0
DA:412,0
DA:418,0
DA:422,0
DA:427,0
DA:429,0
DA:430,0
DA:431,0
DA:433,0
DA:434,0
DA:439,0
DA:440,0
DA:442,0
DA:443,0
DA:445,0
DA:446,0
DA:448,0
DA:449,0
DA:451,0
DA:452,0
DA:454,0
DA:455,0
DA:457,0
DA:458,0
DA:460,0
DA:461,0
DA:463,0
DA:464,0
DA:466,0
DA:467,0
DA:469,0
DA:470,0
DA:472,0
DA:473,0
DA:475,0
DA:476,0
DA:478,0
DA:479,0
DA:481,0
DA:482,0
DA:484,0
DA:485,0
DA:487,0
DA:488,0
DA:490,0
DA:491,0
DA:493,0
DA:494,0
DA:496,0
DA:497,0
LF:205
LH:0
end_of_record
SF:lib\app\features\teacher\presentation\list\bloc\teacher_bloc.dart
DA:7,0
DA:11,0
DA:12,0
DA:15,0
DA:16,0
DA:19,0
DA:20,0
DA:21,0
DA:22,0
DA:23,0
DA:24,0
DA:26,0
LF:12
LH:0
end_of_record
SF:lib\app\features\teacher\presentation\list\bloc\teacher_state.dart
DA:5,8
DA:15,0
DA:16,0
DA:18,0
DA:23,0
DA:24,0
DA:25,0
DA:26,0
DA:32,8
DA:36,0
DA:38,0
DA:42,0
DA:44,0
DA:48,0
DA:50,0
LF:15
LH:2
end_of_record
SF:lib\app\features\teacher\presentation\list\pages\teacher_list_page.dart
DA:12,8
DA:16,0
DA:17,0
DA:21,0
DA:23,0
DA:24,0
DA:27,0
DA:29,0
DA:31,0
DA:33,0
DA:34,0
DA:35,0
DA:36,0
DA:37,0
DA:38,0
DA:39,0
DA:41,0
DA:46,0
DA:47,0
DA:48,0
DA:51,0
DA:52,0
DA:54,0
DA:60,0
DA:61,0
DA:71,0
DA:77,0
DA:79,0
DA:80,0
DA:81,0
DA:85,0
DA:88,0
DA:89,0
DA:91,0
DA:96,0
DA:99,0
DA:102,0
DA:105,0
DA:106,0
DA:107,0
DA:110,0
DA:111,0
DA:112,0
DA:114,0
DA:116,0
DA:118,0
DA:127,0
DA:129,0
DA:131,0
LF:49
LH:1
end_of_record
SF:lib\app\shared\validators\cpf_validator.dart
DA:3,0
LF:1
LH:0
end_of_record
SF:lib\app\shared\validators\date_validator.dart
DA:3,0
LF:1
LH:0
end_of_record
SF:lib\app\shared\validators\email_validator.dart
DA:3,0
LF:1
LH:0
end_of_record
SF:lib\app\shared\validators\min_length_validator.dart
DA:3,0
DA:5,0
LF:2
LH:0
end_of_record
SF:lib\app\shared\validators\only_letters_validator.dart
DA:3,0
LF:1
LH:0
end_of_record
SF:lib\app\shared\validators\phone_validator.dart
DA:3,0
LF:1
LH:0
end_of_record
SF:lib\app\shared\validators\postal_validator.dart
DA:3,0
LF:1
LH:0
end_of_record
SF:lib\app\shared\validators\required_and_min_validator.dart
DA:5,0
DA:6,0
DA:7,0
LF:3
LH:0
end_of_record
SF:lib\app\shared\validators\required_validator.dart
DA:3,0
DA:7,0
DA:8,0
DA:11,0
DA:13,0
DA:14,0
LF:6
LH:0
end_of_record
SF:lib\app\shared\validators\required_and_time_validador.dart
DA:5,0
DA:6,0
DA:7,0
LF:3
LH:0
end_of_record
SF:lib\app\shared\validators\time_validator.dart
DA:4,0
DA:9,0
DA:10,0
DA:13,0
DA:14,0
DA:15,0
DA:16,0
LF:7
LH:0
end_of_record
SF:lib\app\shared\validators\rg_validator.dart
DA:3,0
LF:1
LH:0
end_of_record
SF:lib\app\shared\widgets\header\header_desktop.dart
DA:9,0
DA:11,0
DA:12,0
DA:17,0
DA:19,0
DA:20,0
DA:21,0
DA:24,0
DA:26,0
DA:27,0
DA:28,0
DA:30,0
DA:32,0
DA:33,0
DA:34,0
DA:35,0
DA:37,0
DA:38,0
DA:39,0
DA:40,0
DA:41,0
DA:43,0
DA:44,0
DA:47,0
DA:48,0
LF:25
LH:0
end_of_record
SF:lib\firebase_options.dart
DA:16,0
LF:1
LH:0
end_of_record
SF:lib\main.dart
DA:16,0
DA:23,0
DA:25,0
DA:26,0
DA:28,0
DA:32,0
DA:33,0
DA:34,0
DA:37,0
DA:38,0
DA:41,0
DA:42,0
DA:45,0
DA:46,0
DA:49,0
DA:50,0
DA:53,0
DA:54,0
DA:55,0
DA:56,0
DA:61,0
DA:62,0
DA:63,0
LF:23
LH:0
end_of_record
